

================================================================
== Vivado HLS Report for 'cal_mag_phase'
================================================================
* Date:           Wed Dec 10 22:44:32 2014

* Version:        2013.2 (build date: Thu Jun 13 16:07:59 PM 2013)
* Project:        hls.prj
* Solution:       solution2
* Product family: zynq zynq_fpv6 
* Target device:  xc7z020clg484-1


================================================================
== Performance Estimates
================================================================
+ Timing (ns): 
    * Summary: 
    +---------+-------+----------+------------+
    |  Clock  | Target| Estimated| Uncertainty|
    +---------+-------+----------+------------+
    |default  |  10.00|      8.75|        1.25|
    +---------+-------+----------+------------+

+ Latency (clock cycles): 
    * Summary: 
    +------+------+------+------+---------+
    |   Latency   |   Interval  | Pipeline|
    |  min |  max |  min |  max |   Type  |
    +------+------+------+------+---------+
    |  1061|  1061|  1061|  1061|   none  |
    +------+------+------+------+---------+

    + Detail: 
        * Instance: 
        N/A

        * Loop: 
        +----------+------+------+----------+-----------+-----------+------+----------+
        |          |   Latency   | Iteration|  Initiation Interval  | Trip |          |
        | Loop Name|  min |  max |  Latency |  achieved |   target  | Count| Pipelined|
        +----------+------+------+----------+-----------+-----------+------+----------+
        |- Loop 1  |  1059|  1059|        37|          1|          1|  1024|    yes   |
        +----------+------+------+----------+-----------+-----------+------+----------+



================================================================
== Utilization Estimates
================================================================
* Summary: 
+-----------------+---------+-------+--------+-------+
|       Name      | BRAM_18K| DSP48E|   FF   |  LUT  |
+-----------------+---------+-------+--------+-------+
|Expression       |        -|      -|       -|      -|
|FIFO             |        -|      -|       -|      -|
|Instance         |        -|      -|       -|      -|
|Memory           |        -|      -|       -|      -|
|Multiplexer      |        -|      -|       -|      -|
|Register         |        -|      -|       -|      -|
|ShiftMemory      |        -|      -|       -|      -|
+-----------------+---------+-------+--------+-------+
|Total            |        0|      0|       0|      0|
+-----------------+---------+-------+--------+-------+
|Available        |      280|    220|  106400|  53200|
+-----------------+---------+-------+--------+-------+
|Utilization (%)  |        0|      0|       0|      0|
+-----------------+---------+-------+--------+-------+

+ Detail: 
    * Instance: 
    N/A

    * Memory: 
    N/A

    * FIFO: 
    N/A

    * Shift register: 
    N/A

    * Expression: 
    N/A

    * Multiplexer: 
    N/A

    * Register: 
    N/A



================================================================
== Interface
================================================================
* Summary: 
N/A

============================================================
+ Verbose Summary: Synthesis Manager
============================================================
InlineROM: 1
ExposeGlobal: 0
============================================================
+ Verbose Summary: CDFG Model
============================================================
IsTopModel: 0
ResetActiveHigh: 1
IsCombinational: 0
IsDatapathOnly: 0
HasWiredReturn: 1
HasMFsm: 0
HasVarLatency: 1
IsPipeline: 0
IsRtlPipelined: 0
IsInstanceOverlapped: 0
IsDontTouch: 0
HasImplIP: 0
IsGatedGlobalClock: 0

+ Individual pipeline summary: 
  * Pipeline-0: initiation interval (II) = 1, depth = 37


============================================================
+ Verbose Summary: Schedule
============================================================
* Number of FSM states: 39
* Pipeline: 1
  Pipeline-0: II = 1, D = 37, States = { 2 3 4 5 6 7 8 9 10 11 12 13 14 15 16 17 18 19 20 21 22 23 24 25 26 27 28 29 30 31 32 33 34 35 36 37 38 }
* Dataflow Pipeline: 0

* FSM state transitions: 
1 --> 
	2  / true
2 --> 
	39  / (exitcond1)
	3  / (!exitcond1)
3 --> 
	4  / true
4 --> 
	5  / true
5 --> 
	6  / true
6 --> 
	7  / true
7 --> 
	8  / true
8 --> 
	9  / true
9 --> 
	10  / true
10 --> 
	11  / true
11 --> 
	12  / true
12 --> 
	13  / true
13 --> 
	14  / true
14 --> 
	15  / true
15 --> 
	16  / true
16 --> 
	17  / true
17 --> 
	18  / true
18 --> 
	19  / true
19 --> 
	20  / true
20 --> 
	21  / true
21 --> 
	22  / true
22 --> 
	23  / true
23 --> 
	24  / true
24 --> 
	25  / true
25 --> 
	26  / true
26 --> 
	27  / true
27 --> 
	28  / true
28 --> 
	29  / true
29 --> 
	30  / true
30 --> 
	31  / true
31 --> 
	32  / true
32 --> 
	33  / true
33 --> 
	34  / true
34 --> 
	35  / true
35 --> 
	36  / true
36 --> 
	37  / true
37 --> 
	38  / true
38 --> 
	2  / true
39 --> 
* FSM state operations: 

 <State 1>: 1.39ns
ST_1: stg_40 [1/1] 1.39ns
entry:0  br label %bb43


 <State 2>: 2.39ns
ST_2: i [1/1] 0.00ns
bb43:0  %i = phi i11 [ 0, %entry ], [ %i_3, %bb42 ]     ; <i11> [#uses=3]

ST_2: exitcond1 [1/1] 2.11ns
bb43:1  %exitcond1 = icmp eq i11 %i, -1024              ; <i1> [#uses=1]

ST_2: i_3 [1/1] 1.84ns
bb43:2  %i_3 = add i11 %i, 1                            ; <i11> [#uses=1]

ST_2: stg_44 [1/1] 0.00ns
bb43:3  br i1 %exitcond1, label %return, label %bb

ST_2: tmp [1/1] 0.00ns
bb:3  %tmp = zext i11 %i to i64                       ; <i64> [#uses=7]

ST_2: real_V_addr [1/1] 0.00ns
bb:5  %real_V_addr = getelementptr [1024 x i32]* %real_V, i64 0, i64 %tmp ; <i32*> [#uses=1]

ST_2: imag_V_addr [1/1] 0.00ns
bb:6  %imag_V_addr = getelementptr [1024 x i32]* %imag_V, i64 0, i64 %tmp ; <i32*> [#uses=1]

ST_2: p_Val2_s [2/2] 2.39ns
bb:7  %p_Val2_s = load i32* %real_V_addr              ; <i32> [#uses=6]

ST_2: p_Val2_314 [2/2] 2.39ns
bb:8  %p_Val2_314 = load i32* %imag_V_addr            ; <i32> [#uses=5]


 <State 3>: 6.44ns
ST_3: p_Val2_s [1/2] 2.39ns
bb:7  %p_Val2_s = load i32* %real_V_addr              ; <i32> [#uses=6]

ST_3: p_Val2_314 [1/2] 2.39ns
bb:8  %p_Val2_314 = load i32* %imag_V_addr            ; <i32> [#uses=5]

ST_3: call_ret [36/36] 4.05ns
bb:9  %call_ret = call fastcc i32 @cordic_sqrt(i32 %p_Val2_s, i32 %p_Val2_314) ; <i32> [#uses=1]

ST_3: tmp_i [1/1] 2.52ns
bb:11  %tmp_i = icmp sgt i32 %p_Val2_s, 0              ; <i1> [#uses=3]

ST_3: x_iteration_V [1/1] 2.44ns
bb:12  %x_iteration_V = sub i32 0, %p_Val2_s           ; <i32> [#uses=1]

ST_3: y_iteration_V [1/1] 2.44ns
bb:13  %y_iteration_V = sub i32 0, %p_Val2_314         ; <i32> [#uses=1]

ST_3: y_iteration_V_17 [1/1] 1.37ns
bb:14  %y_iteration_V_17 = select i1 %tmp_i, i32 %p_Val2_314, i32 %y_iteration_V ; <i32> [#uses=4]

ST_3: x_iteration_V_39 [1/1] 1.37ns
bb:15  %x_iteration_V_39 = select i1 %tmp_i, i32 %p_Val2_s, i32 %x_iteration_V ; <i32> [#uses=3]

ST_3: tmp_138 [1/1] 0.00ns
bb:16  %tmp_138 = call i1 @_ssdm_op_BitSelect.i1.i32.i32(i32 %y_iteration_V_17, i32 31) ; <i1> [#uses=4]

ST_3: stg_59 [1/1] 0.00ns
bb:79  br i1 %tmp_i, label %bb1, label %bb2

ST_3: tmp_144 [1/1] 0.00ns
bb2:0  %tmp_144 = call i1 @_ssdm_op_BitSelect.i1.i32.i32(i32 %p_Val2_s, i32 31) ; <i1> [#uses=2]

ST_3: stg_61 [1/1] 0.00ns
bb2:1  br i1 %tmp_144, label %bb5, label %bb22

ST_3: tmp_145 [1/1] 0.00ns
bb5:0  %tmp_145 = call i1 @_ssdm_op_BitSelect.i1.i32.i32(i32 %p_Val2_314, i32 31) ; <i1> [#uses=1]

ST_3: stg_63 [1/1] 0.00ns
bb5:1  br i1 %tmp_145, label %bb10, label %bb12

ST_3: stg_64 [1/1] 0.00ns
bb10:0  br i1 %tmp_144, label %bb17, label %bb22

ST_3: not2 [1/1] 2.52ns
bb22:0  %not2 = icmp eq i32 %p_Val2_s, 0                ; <i1> [#uses=1]

ST_3: not3 [1/1] 2.52ns
bb22:1  %not3 = icmp sgt i32 %p_Val2_314, 0             ; <i1> [#uses=1]

ST_3: or_cond [1/1] 1.37ns
bb22:2  %or_cond = and i1 %not2, %not3                  ; <i1> [#uses=1]

ST_3: phaseFrame_V_addr_3 [1/1] 0.00ns
bb22:3  %phaseFrame_V_addr_3 = getelementptr [1024 x i11]* %phaseFrame_V, i64 0, i64 %tmp ; <i11*> [#uses=2]

ST_3: stg_69 [1/1] 0.00ns
bb22:4  br i1 %or_cond, label %bb37, label %bb35

ST_3: stg_70 [1/1] 2.39ns
bb35:0  store i11 -101, i11* %phaseFrame_V_addr_3

ST_3: stg_71 [1/1] 0.00ns
bb35:1  br label %bb42

ST_3: stg_72 [1/1] 2.39ns
bb37:0  store i11 100, i11* %phaseFrame_V_addr_3

ST_3: stg_73 [1/1] 0.00ns
bb37:1  br label %bb42


 <State 4>: 7.62ns
ST_4: call_ret [35/36] 6.73ns
bb:9  %call_ret = call fastcc i32 @cordic_sqrt(i32 %p_Val2_s, i32 %p_Val2_314) ; <i32> [#uses=1]

ST_4: x_iteration_V_27 [1/1] 2.44ns
bb:17  %x_iteration_V_27 = sub i32 %x_iteration_V_39, %y_iteration_V_17 ; <i32> [#uses=1]

ST_4: y_iteration_V_18 [1/1] 2.44ns
bb:18  %y_iteration_V_18 = add i32 %x_iteration_V_39, %y_iteration_V_17 ; <i32> [#uses=2]

ST_4: y_iteration_V_3 [1/1] 2.44ns
bb:19  %y_iteration_V_3 = sub i32 %y_iteration_V_17, %x_iteration_V_39 ; <i32> [#uses=1]

ST_4: y_iteration_V_19 [1/1] 1.37ns
bb:20  %y_iteration_V_19 = select i1 %tmp_138, i32 %y_iteration_V_18, i32 %y_iteration_V_3 ; <i32> [#uses=4]

ST_4: x_iteration_V_40 [1/1] 1.37ns
bb:21  %x_iteration_V_40 = select i1 %tmp_138, i32 %x_iteration_V_27, i32 %y_iteration_V_18 ; <i32> [#uses=3]

ST_4: tmp_139 [1/1] 0.00ns
bb:22  %tmp_139 = call i1 @_ssdm_op_BitSelect.i1.i32.i32(i32 %y_iteration_V_19, i32 31) ; <i1> [#uses=3]

ST_4: tmp_309_i [1/1] 0.00ns
bb:23  %tmp_309_i = call i31 @_ssdm_op_PartSelect.i31.i32.i32.i32(i32 %y_iteration_V_19, i32 1, i32 31) ; <i31> [#uses=2]

ST_4: r_V_160 [1/1] 0.00ns
bb:24  %r_V_160 = sext i31 %tmp_309_i to i32           ; <i32> [#uses=1]

ST_4: x_iteration_V_30 [1/1] 2.44ns
bb:25  %x_iteration_V_30 = sub i32 %x_iteration_V_40, %r_V_160 ; <i32> [#uses=1]

ST_4: tmp_311_i [1/1] 0.00ns
bb:26  %tmp_311_i = call i31 @_ssdm_op_PartSelect.i31.i32.i32.i32(i32 %x_iteration_V_40, i32 1, i32 31) ; <i31> [#uses=1]

ST_4: r_V_161 [1/1] 0.00ns
bb:27  %r_V_161 = sext i31 %tmp_311_i to i32           ; <i32> [#uses=2]

ST_4: y_iteration_V_5 [1/1] 2.44ns
bb:28  %y_iteration_V_5 = add i32 %y_iteration_V_19, %r_V_161 ; <i32> [#uses=1]

ST_4: r_V_162 [1/1] 0.00ns
bb:30  %r_V_162 = zext i31 %tmp_309_i to i32           ; <i32> [#uses=1]

ST_4: x_iteration_V_31 [1/1] 2.44ns
bb:31  %x_iteration_V_31 = add i32 %x_iteration_V_40, %r_V_162 ; <i32> [#uses=1]

ST_4: y_iteration_V_6 [1/1] 2.44ns
bb:32  %y_iteration_V_6 = sub i32 %y_iteration_V_19, %r_V_161 ; <i32> [#uses=1]

ST_4: y_iteration_V_20 [1/1] 1.37ns
bb:34  %y_iteration_V_20 = select i1 %tmp_139, i32 %y_iteration_V_5, i32 %y_iteration_V_6 ; <i32> [#uses=4]

ST_4: x_iteration_V_41 [1/1] 1.37ns
bb:36  %x_iteration_V_41 = select i1 %tmp_139, i32 %x_iteration_V_30, i32 %x_iteration_V_31 ; <i32> [#uses=3]

ST_4: tmp_140 [1/1] 0.00ns
bb:37  %tmp_140 = call i1 @_ssdm_op_BitSelect.i1.i32.i32(i32 %y_iteration_V_20, i32 31) ; <i1> [#uses=3]

ST_4: tmp_318_i [1/1] 0.00ns
bb:38  %tmp_318_i = call i30 @_ssdm_op_PartSelect.i30.i32.i32.i32(i32 %y_iteration_V_20, i32 2, i32 31) ; <i30> [#uses=2]

ST_4: tmp_320_i [1/1] 0.00ns
bb:41  %tmp_320_i = call i30 @_ssdm_op_PartSelect.i30.i32.i32.i32(i32 %x_iteration_V_41, i32 2, i32 31) ; <i30> [#uses=1]


 <State 5>: 7.62ns
ST_5: call_ret [34/36] 6.73ns
bb:9  %call_ret = call fastcc i32 @cordic_sqrt(i32 %p_Val2_s, i32 %p_Val2_314) ; <i32> [#uses=1]

ST_5: r_V_163 [1/1] 0.00ns
bb:39  %r_V_163 = sext i30 %tmp_318_i to i32           ; <i32> [#uses=1]

ST_5: x_iteration_V_33 [1/1] 2.44ns
bb:40  %x_iteration_V_33 = sub i32 %x_iteration_V_41, %r_V_163 ; <i32> [#uses=1]

ST_5: r_V_164 [1/1] 0.00ns
bb:42  %r_V_164 = sext i30 %tmp_320_i to i32           ; <i32> [#uses=2]

ST_5: y_iteration_V_8 [1/1] 2.44ns
bb:43  %y_iteration_V_8 = add i32 %y_iteration_V_20, %r_V_164 ; <i32> [#uses=1]

ST_5: r_V_165 [1/1] 0.00ns
bb:44  %r_V_165 = zext i30 %tmp_318_i to i32           ; <i32> [#uses=1]

ST_5: x_iteration_V_34 [1/1] 2.44ns
bb:45  %x_iteration_V_34 = add i32 %x_iteration_V_41, %r_V_165 ; <i32> [#uses=1]

ST_5: y_iteration_V_9 [1/1] 2.44ns
bb:46  %y_iteration_V_9 = sub i32 %y_iteration_V_20, %r_V_164 ; <i32> [#uses=1]

ST_5: y_iteration_V_21 [1/1] 1.37ns
bb:47  %y_iteration_V_21 = select i1 %tmp_140, i32 %y_iteration_V_8, i32 %y_iteration_V_9 ; <i32> [#uses=4]

ST_5: x_iteration_V_42 [1/1] 1.37ns
bb:49  %x_iteration_V_42 = select i1 %tmp_140, i32 %x_iteration_V_33, i32 %x_iteration_V_34 ; <i32> [#uses=3]

ST_5: tmp_141 [1/1] 0.00ns
bb:50  %tmp_141 = call i1 @_ssdm_op_BitSelect.i1.i32.i32(i32 %y_iteration_V_21, i32 31) ; <i1> [#uses=3]

ST_5: tmp_327_i [1/1] 0.00ns
bb:51  %tmp_327_i = call i29 @_ssdm_op_PartSelect.i29.i32.i32.i32(i32 %y_iteration_V_21, i32 3, i32 31) ; <i29> [#uses=2]

ST_5: r_V_166 [1/1] 0.00ns
bb:52  %r_V_166 = sext i29 %tmp_327_i to i32           ; <i32> [#uses=1]

ST_5: x_iteration_V_36 [1/1] 2.44ns
bb:53  %x_iteration_V_36 = sub i32 %x_iteration_V_42, %r_V_166 ; <i32> [#uses=1]

ST_5: tmp_329_i [1/1] 0.00ns
bb:54  %tmp_329_i = call i29 @_ssdm_op_PartSelect.i29.i32.i32.i32(i32 %x_iteration_V_42, i32 3, i32 31) ; <i29> [#uses=1]

ST_5: r_V_167 [1/1] 0.00ns
bb:55  %r_V_167 = sext i29 %tmp_329_i to i32           ; <i32> [#uses=2]

ST_5: y_iteration_V_11 [1/1] 2.44ns
bb:56  %y_iteration_V_11 = add i32 %y_iteration_V_21, %r_V_167 ; <i32> [#uses=1]

ST_5: r_V_168 [1/1] 0.00ns
bb:57  %r_V_168 = zext i29 %tmp_327_i to i32           ; <i32> [#uses=1]

ST_5: x_iteration_V_37 [1/1] 2.44ns
bb:58  %x_iteration_V_37 = add i32 %x_iteration_V_42, %r_V_168 ; <i32> [#uses=1]

ST_5: y_iteration_V_12 [1/1] 2.44ns
bb:59  %y_iteration_V_12 = sub i32 %y_iteration_V_21, %r_V_167 ; <i32> [#uses=1]

ST_5: y_iteration_V_22 [1/1] 1.37ns
bb:60  %y_iteration_V_22 = select i1 %tmp_141, i32 %y_iteration_V_11, i32 %y_iteration_V_12 ; <i32> [#uses=3]

ST_5: x_iteration_V_43 [1/1] 1.37ns
bb:62  %x_iteration_V_43 = select i1 %tmp_141, i32 %x_iteration_V_36, i32 %x_iteration_V_37 ; <i32> [#uses=1]

ST_5: tmp_142 [1/1] 0.00ns
bb:63  %tmp_142 = call i1 @_ssdm_op_BitSelect.i1.i32.i32(i32 %y_iteration_V_22, i32 31) ; <i1> [#uses=2]

ST_5: tmp_338_i [1/1] 0.00ns
bb:64  %tmp_338_i = call i28 @_ssdm_op_PartSelect.i28.i32.i32.i32(i32 %x_iteration_V_43, i32 4, i32 31) ; <i28> [#uses=1]


 <State 6>: 8.62ns
ST_6: call_ret [33/36] 6.73ns
bb:9  %call_ret = call fastcc i32 @cordic_sqrt(i32 %p_Val2_s, i32 %p_Val2_314) ; <i32> [#uses=1]

ST_6: r_V_145_1_i [1/1] 1.37ns
bb:29  %r_V_145_1_i = select i1 %tmp_138, i8 -79, i8 21 ; <i8> [#uses=1]

ST_6: r_V_150_1_i [1/1] 1.37ns
bb:33  %r_V_150_1_i = select i1 %tmp_138, i8 -21, i8 79 ; <i8> [#uses=1]

ST_6: p_Val2_330 [1/1] 1.37ns
bb:35  %p_Val2_330 = select i1 %tmp_139, i8 %r_V_145_1_i, i8 %r_V_150_1_i ; <i8> [#uses=1]

ST_6: p_Val2_433_v_i_cast_cast [1/1] 1.37ns
bb:48  %p_Val2_433_v_i_cast_cast = select i1 %tmp_140, i8 -15, i8 15 ; <i8> [#uses=1]

ST_6: p_Val2_440_v_i_cast_cast [1/1] 1.37ns
bb:61  %p_Val2_440_v_i_cast_cast = select i1 %tmp_141, i5 -7, i5 7 ; <i5> [#uses=1]

ST_6: r_V_169 [1/1] 0.00ns
bb:65  %r_V_169 = sext i28 %tmp_338_i to i32           ; <i32> [#uses=2]

ST_6: y_iteration_V_14 [1/1] 2.44ns
bb:66  %y_iteration_V_14 = add i32 %y_iteration_V_22, %r_V_169 ; <i32> [#uses=1]

ST_6: y_iteration_V_15 [1/1] 2.44ns
bb:67  %y_iteration_V_15 = sub i32 %y_iteration_V_22, %r_V_169 ; <i32> [#uses=1]

ST_6: y_iteration_V_23 [1/1] 1.37ns
bb:68  %y_iteration_V_23 = select i1 %tmp_142, i32 %y_iteration_V_14, i32 %y_iteration_V_15 ; <i32> [#uses=1]

ST_6: p_Val2_447_v_i_cast_cast [1/1] 1.37ns
bb:69  %p_Val2_447_v_i_cast_cast = select i1 %tmp_142, i5 -3, i5 3 ; <i5> [#uses=1]

ST_6: tmp_143 [1/1] 0.00ns
bb:70  %tmp_143 = call i1 @_ssdm_op_BitSelect.i1.i32.i32(i32 %y_iteration_V_23, i32 31) ; <i1> [#uses=1]

ST_6: p_Val2_450_v_i_cast_cast [1/1] 1.37ns
bb:71  %p_Val2_450_v_i_cast_cast = select i1 %tmp_143, i8 -1, i8 1 ; <i8> [#uses=1]

ST_6: tmp4 [1/1] 1.72ns
bb:72  %tmp4 = add i5 %p_Val2_440_v_i_cast_cast, %p_Val2_447_v_i_cast_cast ; <i5> [#uses=1]

ST_6: tmp6 [1/1] 1.72ns
bb:74  %tmp6 = add i8 %p_Val2_330, %p_Val2_450_v_i_cast_cast ; <i8> [#uses=1]

ST_6: tmp5 [1/1] 1.72ns
bb:75  %tmp5 = add i8 %tmp6, %p_Val2_433_v_i_cast_cast ; <i8> [#uses=1]


 <State 7>: 6.73ns
ST_7: call_ret [32/36] 6.73ns
bb:9  %call_ret = call fastcc i32 @cordic_sqrt(i32 %p_Val2_s, i32 %p_Val2_314) ; <i32> [#uses=1]

ST_7: tmp4_cast [1/1] 0.00ns
bb:73  %tmp4_cast = sext i5 %tmp4 to i8                ; <i8> [#uses=1]

ST_7: p_Val2_345 [1/1] 1.72ns
bb:76  %p_Val2_345 = add i8 %tmp5, %tmp4_cast          ; <i8> [#uses=3]

ST_7: p_Val2_450_i_cast9 [1/1] 0.00ns
bb:77  %p_Val2_450_i_cast9 = sext i8 %p_Val2_345 to i10 ; <i10> [#uses=1]

ST_7: p_Val2_450_i_cast8 [1/1] 0.00ns
bb:78  %p_Val2_450_i_cast8 = sext i8 %p_Val2_345 to i9 ; <i9> [#uses=1]

ST_7: r_V [1/1] 1.84ns
bb12:0  %r_V = add i9 %p_Val2_450_i_cast8, 201          ; <i9> [#uses=1]

ST_7: phaseFrame_V_addr_1 [1/1] 0.00ns
bb12:1  %phaseFrame_V_addr_1 = getelementptr [1024 x i11]* %phaseFrame_V, i64 0, i64 %tmp ; <i11*> [#uses=1]

ST_7: r_V_cast_cast [1/1] 0.00ns
bb12:2  %r_V_cast_cast = zext i9 %r_V to i11            ; <i11> [#uses=1]

ST_7: stg_143 [1/1] 2.39ns
bb12:3  store i11 %r_V_cast_cast, i11* %phaseFrame_V_addr_1

ST_7: stg_144 [1/1] 0.00ns
bb12:4  br label %bb42

ST_7: r_V_s [1/1] 1.84ns
bb17:0  %r_V_s = add i10 %p_Val2_450_i_cast9, -201      ; <i10> [#uses=1]

ST_7: phaseFrame_V_addr_2 [1/1] 0.00ns
bb17:1  %phaseFrame_V_addr_2 = getelementptr [1024 x i11]* %phaseFrame_V, i64 0, i64 %tmp ; <i11*> [#uses=1]

ST_7: r_V_cast_cast_116 [1/1] 0.00ns
bb17:2  %r_V_cast_cast_116 = sext i10 %r_V_s to i11     ; <i11> [#uses=1]

ST_7: stg_148 [1/1] 2.39ns
bb17:3  store i11 %r_V_cast_cast_116, i11* %phaseFrame_V_addr_2

ST_7: stg_149 [1/1] 0.00ns
bb17:4  br label %bb42

ST_7: phaseFrame_V_addr [1/1] 0.00ns
bb1:0  %phaseFrame_V_addr = getelementptr [1024 x i11]* %phaseFrame_V, i64 0, i64 %tmp ; <i11*> [#uses=1]

ST_7: p_Val2_450_i_cast_cast [1/1] 0.00ns
bb1:1  %p_Val2_450_i_cast_cast = sext i8 %p_Val2_345 to i11 ; <i11> [#uses=1]

ST_7: stg_152 [1/1] 2.39ns
bb1:2  store i11 %p_Val2_450_i_cast_cast, i11* %phaseFrame_V_addr

ST_7: stg_153 [1/1] 0.00ns
bb1:3  br label %bb42


 <State 8>: 6.73ns
ST_8: call_ret [31/36] 6.73ns
bb:9  %call_ret = call fastcc i32 @cordic_sqrt(i32 %p_Val2_s, i32 %p_Val2_314) ; <i32> [#uses=1]


 <State 9>: 6.73ns
ST_9: call_ret [30/36] 6.73ns
bb:9  %call_ret = call fastcc i32 @cordic_sqrt(i32 %p_Val2_s, i32 %p_Val2_314) ; <i32> [#uses=1]


 <State 10>: 6.73ns
ST_10: call_ret [29/36] 6.73ns
bb:9  %call_ret = call fastcc i32 @cordic_sqrt(i32 %p_Val2_s, i32 %p_Val2_314) ; <i32> [#uses=1]


 <State 11>: 6.73ns
ST_11: call_ret [28/36] 6.73ns
bb:9  %call_ret = call fastcc i32 @cordic_sqrt(i32 %p_Val2_s, i32 %p_Val2_314) ; <i32> [#uses=1]


 <State 12>: 6.73ns
ST_12: call_ret [27/36] 6.73ns
bb:9  %call_ret = call fastcc i32 @cordic_sqrt(i32 %p_Val2_s, i32 %p_Val2_314) ; <i32> [#uses=1]


 <State 13>: 6.73ns
ST_13: call_ret [26/36] 6.73ns
bb:9  %call_ret = call fastcc i32 @cordic_sqrt(i32 %p_Val2_s, i32 %p_Val2_314) ; <i32> [#uses=1]


 <State 14>: 6.73ns
ST_14: call_ret [25/36] 6.73ns
bb:9  %call_ret = call fastcc i32 @cordic_sqrt(i32 %p_Val2_s, i32 %p_Val2_314) ; <i32> [#uses=1]


 <State 15>: 6.73ns
ST_15: call_ret [24/36] 6.73ns
bb:9  %call_ret = call fastcc i32 @cordic_sqrt(i32 %p_Val2_s, i32 %p_Val2_314) ; <i32> [#uses=1]


 <State 16>: 6.73ns
ST_16: call_ret [23/36] 6.73ns
bb:9  %call_ret = call fastcc i32 @cordic_sqrt(i32 %p_Val2_s, i32 %p_Val2_314) ; <i32> [#uses=1]


 <State 17>: 6.73ns
ST_17: call_ret [22/36] 6.73ns
bb:9  %call_ret = call fastcc i32 @cordic_sqrt(i32 %p_Val2_s, i32 %p_Val2_314) ; <i32> [#uses=1]


 <State 18>: 6.73ns
ST_18: call_ret [21/36] 6.73ns
bb:9  %call_ret = call fastcc i32 @cordic_sqrt(i32 %p_Val2_s, i32 %p_Val2_314) ; <i32> [#uses=1]


 <State 19>: 6.73ns
ST_19: call_ret [20/36] 6.73ns
bb:9  %call_ret = call fastcc i32 @cordic_sqrt(i32 %p_Val2_s, i32 %p_Val2_314) ; <i32> [#uses=1]


 <State 20>: 6.73ns
ST_20: call_ret [19/36] 6.73ns
bb:9  %call_ret = call fastcc i32 @cordic_sqrt(i32 %p_Val2_s, i32 %p_Val2_314) ; <i32> [#uses=1]


 <State 21>: 6.73ns
ST_21: call_ret [18/36] 6.73ns
bb:9  %call_ret = call fastcc i32 @cordic_sqrt(i32 %p_Val2_s, i32 %p_Val2_314) ; <i32> [#uses=1]


 <State 22>: 6.73ns
ST_22: call_ret [17/36] 6.73ns
bb:9  %call_ret = call fastcc i32 @cordic_sqrt(i32 %p_Val2_s, i32 %p_Val2_314) ; <i32> [#uses=1]


 <State 23>: 6.73ns
ST_23: call_ret [16/36] 6.73ns
bb:9  %call_ret = call fastcc i32 @cordic_sqrt(i32 %p_Val2_s, i32 %p_Val2_314) ; <i32> [#uses=1]


 <State 24>: 6.73ns
ST_24: call_ret [15/36] 6.73ns
bb:9  %call_ret = call fastcc i32 @cordic_sqrt(i32 %p_Val2_s, i32 %p_Val2_314) ; <i32> [#uses=1]


 <State 25>: 6.73ns
ST_25: call_ret [14/36] 6.73ns
bb:9  %call_ret = call fastcc i32 @cordic_sqrt(i32 %p_Val2_s, i32 %p_Val2_314) ; <i32> [#uses=1]


 <State 26>: 6.73ns
ST_26: call_ret [13/36] 6.73ns
bb:9  %call_ret = call fastcc i32 @cordic_sqrt(i32 %p_Val2_s, i32 %p_Val2_314) ; <i32> [#uses=1]


 <State 27>: 6.73ns
ST_27: call_ret [12/36] 6.73ns
bb:9  %call_ret = call fastcc i32 @cordic_sqrt(i32 %p_Val2_s, i32 %p_Val2_314) ; <i32> [#uses=1]


 <State 28>: 6.73ns
ST_28: call_ret [11/36] 6.73ns
bb:9  %call_ret = call fastcc i32 @cordic_sqrt(i32 %p_Val2_s, i32 %p_Val2_314) ; <i32> [#uses=1]


 <State 29>: 6.73ns
ST_29: call_ret [10/36] 6.73ns
bb:9  %call_ret = call fastcc i32 @cordic_sqrt(i32 %p_Val2_s, i32 %p_Val2_314) ; <i32> [#uses=1]


 <State 30>: 6.73ns
ST_30: call_ret [9/36] 6.73ns
bb:9  %call_ret = call fastcc i32 @cordic_sqrt(i32 %p_Val2_s, i32 %p_Val2_314) ; <i32> [#uses=1]


 <State 31>: 6.73ns
ST_31: call_ret [8/36] 6.73ns
bb:9  %call_ret = call fastcc i32 @cordic_sqrt(i32 %p_Val2_s, i32 %p_Val2_314) ; <i32> [#uses=1]


 <State 32>: 6.73ns
ST_32: call_ret [7/36] 6.73ns
bb:9  %call_ret = call fastcc i32 @cordic_sqrt(i32 %p_Val2_s, i32 %p_Val2_314) ; <i32> [#uses=1]


 <State 33>: 6.73ns
ST_33: call_ret [6/36] 6.73ns
bb:9  %call_ret = call fastcc i32 @cordic_sqrt(i32 %p_Val2_s, i32 %p_Val2_314) ; <i32> [#uses=1]


 <State 34>: 6.73ns
ST_34: call_ret [5/36] 6.73ns
bb:9  %call_ret = call fastcc i32 @cordic_sqrt(i32 %p_Val2_s, i32 %p_Val2_314) ; <i32> [#uses=1]


 <State 35>: 6.73ns
ST_35: call_ret [4/36] 6.73ns
bb:9  %call_ret = call fastcc i32 @cordic_sqrt(i32 %p_Val2_s, i32 %p_Val2_314) ; <i32> [#uses=1]


 <State 36>: 6.73ns
ST_36: call_ret [3/36] 6.73ns
bb:9  %call_ret = call fastcc i32 @cordic_sqrt(i32 %p_Val2_s, i32 %p_Val2_314) ; <i32> [#uses=1]


 <State 37>: 6.73ns
ST_37: call_ret [2/36] 6.73ns
bb:9  %call_ret = call fastcc i32 @cordic_sqrt(i32 %p_Val2_s, i32 %p_Val2_314) ; <i32> [#uses=1]


 <State 38>: 8.75ns
ST_38: empty [1/1] 0.00ns
bb:0  %empty = call i32 (...)* @_ssdm_op_SpecLoopTripCount(i64 1024, i64 1024, i64 1024) nounwind ; <i32> [#uses=0]

ST_38: tmp_s [1/1] 0.00ns
bb:1  %tmp_s = call i32 (...)* @_ssdm_op_SpecRegionBegin([12 x i8]* @p_str167) nounwind ; <i32> [#uses=1]

ST_38: stg_186 [1/1] 0.00ns
bb:2  call void (...)* @_ssdm_op_SpecPipeline(i32 1, i32 1, i32 1, [1 x i8]* @p_str48) nounwind

ST_38: magFrame_V_addr [1/1] 0.00ns
bb:4  %magFrame_V_addr = getelementptr [1024 x i32]* %magFrame_V, i64 0, i64 %tmp ; <i32*> [#uses=1]

ST_38: call_ret [1/36] 6.36ns
bb:9  %call_ret = call fastcc i32 @cordic_sqrt(i32 %p_Val2_s, i32 %p_Val2_314) ; <i32> [#uses=1]

ST_38: stg_189 [1/1] 2.39ns
bb:10  store i32 %call_ret, i32* %magFrame_V_addr

ST_38: empty_117 [1/1] 0.00ns
bb42:0  %empty_117 = call i32 (...)* @_ssdm_op_SpecRegionEnd([12 x i8]* @p_str167, i32 %tmp_s) nounwind ; <i32> [#uses=0]

ST_38: stg_191 [1/1] 0.00ns
bb42:1  br label %bb43


 <State 39>: 0.00ns
ST_39: stg_192 [1/1] 0.00ns
return:0  ret void



============================================================
+ Verbose Summary: Binding
============================================================
N/A
* FSMD analyzer results:
  - Output states:
  - Chain level:
	State 1
	State 2
	State 3
	State 4
	State 5
	State 6
	State 7
	State 8
	State 9
	State 10
	State 11
	State 12
	State 13
	State 14
	State 15
	State 16
	State 17
	State 18
	State 19
	State 20
	State 21
	State 22
	State 23
	State 24
	State 25
	State 26
	State 27
	State 28
	State 29
	State 30
	State 31
	State 32
	State 33
	State 34
	State 35
	State 36
	State 37
	State 38
	State 39


============================================================
+ Verbose Summary: Datapath Resource usage 
============================================================
N/A
