

================================================================
== Vivado HLS Report for 'cordic'
================================================================
* Date:           Tue Dec  2 14:27:32 2014

* Version:        2013.2 (build date: Thu Jun 13 16:07:59 PM 2013)
* Project:        hls.prj
* Solution:       solution2
* Product family: zynq zynq_fpv6 
* Target device:  xc7z020clg484-1


================================================================
== Performance Estimates
================================================================
+ Timing (ns): 
    * Summary: 
    +---------+-------+----------+------------+
    |  Clock  | Target| Estimated| Uncertainty|
    +---------+-------+----------+------------+
    |default  |  10.00|      8.61|        1.25|
    +---------+-------+----------+------------+

+ Latency (clock cycles): 
    * Summary: 
    +-----+-----+-----+-----+----------+
    |  Latency  |  Interval | Pipeline |
    | min | max | min | max |   Type   |
    +-----+-----+-----+-----+----------+
    |   20|   20|    1|    1| function |
    +-----+-----+-----+-----+----------+

    + Detail: 
        * Instance: 
        N/A

        * Loop: 
        N/A



================================================================
== Utilization Estimates
================================================================
* Summary: 
+-----------------+---------+-------+--------+-------+
|       Name      | BRAM_18K| DSP48E|   FF   |  LUT  |
+-----------------+---------+-------+--------+-------+
|Expression       |        -|      -|       -|      -|
|FIFO             |        -|      -|       -|      -|
|Instance         |        -|      -|       -|      -|
|Memory           |        -|      -|       -|      -|
|Multiplexer      |        -|      -|       -|      -|
|Register         |        -|      -|       -|      -|
|ShiftMemory      |        -|      -|       -|      -|
+-----------------+---------+-------+--------+-------+
|Total            |        0|      0|       0|      0|
+-----------------+---------+-------+--------+-------+
|Available        |      280|    220|  106400|  53200|
+-----------------+---------+-------+--------+-------+
|Utilization (%)  |        0|      0|       0|      0|
+-----------------+---------+-------+--------+-------+

+ Detail: 
    * Instance: 
    N/A

    * Memory: 
    N/A

    * FIFO: 
    N/A

    * Shift register: 
    N/A

    * Expression: 
    N/A

    * Multiplexer: 
    N/A

    * Register: 
    N/A



================================================================
== Interface
================================================================
* Summary: 
N/A

============================================================
+ Verbose Summary: Synthesis Manager
============================================================
InlineROM: 1
ExposeGlobal: 0
============================================================
+ Verbose Summary: CDFG Model
============================================================
IsTopModel: 0
ResetActiveHigh: 1
IsCombinational: 0
IsDatapathOnly: 0
HasWiredReturn: 1
HasMFsm: 2
HasVarLatency: 0
IsPipeline: 1
IsRtlPipelined: 1
IsInstanceOverlapped: 0
IsDontTouch: 0
HasImplIP: 0
IsGatedGlobalClock: 0

+ Individual pipeline summary: 
  * Pipeline-0: initiation interval (II) = 1, depth = 21


============================================================
+ Verbose Summary: Schedule
============================================================
* Number of FSM states: 21
* Pipeline: 1
  Pipeline-0: II = 1, D = 21, States = { 1 2 3 4 5 6 7 8 9 10 11 12 13 14 15 16 17 18 19 20 21 }
* Dataflow Pipeline: 0

* FSM state transitions: 
1 --> 
	2  / true
2 --> 
	3  / true
3 --> 
	4  / true
4 --> 
	5  / true
5 --> 
	6  / true
6 --> 
	7  / true
7 --> 
	8  / true
8 --> 
	9  / true
9 --> 
	10  / true
10 --> 
	11  / true
11 --> 
	12  / true
12 --> 
	13  / true
13 --> 
	14  / true
14 --> 
	15  / true
15 --> 
	16  / true
16 --> 
	17  / true
17 --> 
	18  / true
18 --> 
	19  / true
19 --> 
	20  / true
20 --> 
	21  / true
21 --> 
* FSM state operations: 

 <State 1>: 7.41ns
ST_1: theta_V_read [1/1] 1.01ns
entry_ifconv:0  %theta_V_read = call i32 @_ssdm_op_WireRead.i32(i32 %theta_V) nounwind ; <i32> [#uses=22]

ST_1: tmp_s [1/1] 2.52ns
entry_ifconv:2  %tmp_s = icmp sgt i32 %theta_V_read, 0          ; <i1> [#uses=7]

ST_1: current_angle_V_cast_cast [1/1] 1.37ns
entry_ifconv:3  %current_angle_V_cast_cast = select i1 %tmp_s, i32 823549, i32 -823549 ; <i32> [#uses=1]

ST_1: tmp_81_1 [1/1] 2.52ns
entry_ifconv:4  %tmp_81_1 = icmp slt i32 %current_angle_V_cast_cast, %theta_V_read ; <i1> [#uses=3]

ST_1: r_V_106_1 [1/1] 1.37ns
entry_ifconv:7  %r_V_106_1 = select i1 %tmp_s, i22 1309718, i22 -337380 ; <i22> [#uses=1]

ST_1: r_V_111_1 [1/1] 1.37ns
entry_ifconv:10  %r_V_111_1 = select i1 %tmp_s, i22 337380, i22 -1309718 ; <i22> [#uses=1]


 <State 2>: 7.46ns
ST_2: current_angle_V [1/1] 1.37ns
entry_ifconv:15  %current_angle_V = select i1 %tmp_81_1, i22 %r_V_106_1, i22 %r_V_111_1 ; <i22> [#uses=2]

ST_2: p_Val2_7_cast [1/1] 0.00ns
entry_ifconv:16  %p_Val2_7_cast = sext i22 %current_angle_V to i32 ; <i32> [#uses=1]

ST_2: tmp_81_2 [1/1] 2.52ns
entry_ifconv:17  %tmp_81_2 = icmp slt i32 %p_Val2_7_cast, %theta_V_read ; <i1> [#uses=3]

ST_2: p_Val2_14_v_cast_cast [1/1] 1.37ns
entry_ifconv:29  %p_Val2_14_v_cast_cast = select i1 %tmp_81_2, i22 256878, i22 -256878 ; <i22> [#uses=1]

ST_2: current_angle_V_1 [1/1] 2.20ns
entry_ifconv:30  %current_angle_V_1 = add i22 %current_angle_V, %p_Val2_14_v_cast_cast ; <i22> [#uses=2]


 <State 3>: 8.61ns
ST_3: p_Val2_14_cast [1/1] 0.00ns
entry_ifconv:31  %p_Val2_14_cast = sext i22 %current_angle_V_1 to i32 ; <i32> [#uses=1]

ST_3: tmp_81_3 [1/1] 2.52ns
entry_ifconv:32  %tmp_81_3 = icmp slt i32 %p_Val2_14_cast, %theta_V_read ; <i1> [#uses=3]

ST_3: p_Val2_21_v_cast_cast [1/1] 1.37ns
entry_ifconv:44  %p_Val2_21_v_cast_cast = select i1 %tmp_81_3, i22 130395, i22 -130395 ; <i22> [#uses=1]

ST_3: current_angle_V_2 [1/1] 2.20ns
entry_ifconv:45  %current_angle_V_2 = add i22 %current_angle_V_1, %p_Val2_21_v_cast_cast ; <i22> [#uses=2]

ST_3: p_Val2_21_cast [1/1] 0.00ns
entry_ifconv:46  %p_Val2_21_cast = sext i22 %current_angle_V_2 to i32 ; <i32> [#uses=1]

ST_3: tmp_81_4 [1/1] 2.52ns
entry_ifconv:47  %tmp_81_4 = icmp slt i32 %p_Val2_21_cast, %theta_V_read ; <i1> [#uses=3]


 <State 4>: 7.46ns
ST_4: p_Val2_28_v_cast_cast [1/1] 1.37ns
entry_ifconv:58  %p_Val2_28_v_cast_cast = select i1 %tmp_81_4, i22 65450, i22 -65450 ; <i22> [#uses=1]

ST_4: current_angle_V_3 [1/1] 2.20ns
entry_ifconv:59  %current_angle_V_3 = add i22 %current_angle_V_2, %p_Val2_28_v_cast_cast ; <i22> [#uses=2]

ST_4: p_Val2_28_cast [1/1] 0.00ns
entry_ifconv:60  %p_Val2_28_cast = sext i22 %current_angle_V_3 to i32 ; <i32> [#uses=1]

ST_4: tmp_81_5 [1/1] 2.52ns
entry_ifconv:61  %tmp_81_5 = icmp slt i32 %p_Val2_28_cast, %theta_V_read ; <i1> [#uses=3]

ST_4: p_Val2_35_v_cast_cast [1/1] 1.37ns
entry_ifconv:72  %p_Val2_35_v_cast_cast = select i1 %tmp_81_5, i22 32757, i22 -32757 ; <i22> [#uses=1]


 <State 5>: 8.29ns
ST_5: current_angle_V_4 [1/1] 2.20ns
entry_ifconv:73  %current_angle_V_4 = add i22 %current_angle_V_3, %p_Val2_35_v_cast_cast ; <i22> [#uses=2]

ST_5: p_Val2_35_cast [1/1] 0.00ns
entry_ifconv:74  %p_Val2_35_cast = sext i22 %current_angle_V_4 to i32 ; <i32> [#uses=1]

ST_5: tmp_81_6 [1/1] 2.52ns
entry_ifconv:75  %tmp_81_6 = icmp slt i32 %p_Val2_35_cast, %theta_V_read ; <i1> [#uses=3]

ST_5: p_Val2_42_v_cast_cast [1/1] 1.37ns
entry_ifconv:86  %p_Val2_42_v_cast_cast = select i1 %tmp_81_6, i22 16382, i22 -16382 ; <i22> [#uses=1]

ST_5: current_angle_V_5 [1/1] 2.20ns
entry_ifconv:87  %current_angle_V_5 = add i22 %current_angle_V_4, %p_Val2_42_v_cast_cast ; <i22> [#uses=2]


 <State 6>: 8.61ns
ST_6: t_V [1/1] 1.37ns
entry_ifconv:5  %t_V = select i1 %tmp_s, i20 318375, i20 -93451 ; <i20> [#uses=1]

ST_6: y_V [1/1] 1.37ns
entry_ifconv:6  %y_V = select i1 %tmp_s, i21 955125, i21 -318375 ; <i21> [#uses=1]

ST_6: t_V_1 [1/1] 1.37ns
entry_ifconv:8  %t_V_1 = select i1 %tmp_s, i20 -93451, i20 318375 ; <i20> [#uses=1]

ST_6: y_V_1 [1/1] 1.37ns
entry_ifconv:9  %y_V_1 = select i1 %tmp_s, i21 318375, i21 -955125 ; <i21> [#uses=1]

ST_6: x_V_91 [1/1] 1.37ns
entry_ifconv:11  %x_V_91 = select i1 %tmp_81_1, i20 %t_V, i20 %t_V_1 ; <i20> [#uses=2]

ST_6: p_Val2_3_cast_cast [1/1] 0.00ns
entry_ifconv:12  %p_Val2_3_cast_cast = zext i20 %x_V_91 to i22   ; <i22> [#uses=2]

ST_6: y_V_92 [1/1] 1.37ns
entry_ifconv:13  %y_V_92 = select i1 %tmp_81_1, i21 %y_V, i21 %y_V_1 ; <i21> [#uses=2]

ST_6: p_Val2_6_cast [1/1] 0.00ns
entry_ifconv:14  %p_Val2_6_cast = sext i21 %y_V_92 to i22        ; <i22> [#uses=2]

ST_6: tmp_1 [1/1] 0.00ns
entry_ifconv:18  %tmp_1 = call i19 @_ssdm_op_PartSelect.i19.i21.i32.i32(i21 %y_V_92, i32 2, i32 20) ; <i19> [#uses=1]

ST_6: r_V_cast_cast [1/1] 0.00ns
entry_ifconv:19  %r_V_cast_cast = sext i19 %tmp_1 to i22         ; <i22> [#uses=2]

ST_6: t_V_2 [1/1] 2.08ns
entry_ifconv:20  %t_V_2 = sub i22 %p_Val2_3_cast_cast, %r_V_cast_cast ; <i22> [#uses=1]

ST_6: tmp_8 [1/1] 0.00ns
entry_ifconv:21  %tmp_8 = call i18 @_ssdm_op_PartSelect.i18.i20.i32.i32(i20 %x_V_91, i32 2, i32 19) ; <i18> [#uses=1]

ST_6: r_V_2_cast [1/1] 0.00ns
entry_ifconv:22  %r_V_2_cast = zext i18 %tmp_8 to i22            ; <i22> [#uses=2]

ST_6: y_V_3 [1/1] 2.20ns
entry_ifconv:23  %y_V_3 = add i22 %p_Val2_6_cast, %r_V_2_cast    ; <i22> [#uses=1]

ST_6: t_V_3 [1/1] 2.08ns
entry_ifconv:24  %t_V_3 = add i22 %p_Val2_3_cast_cast, %r_V_cast_cast ; <i22> [#uses=1]

ST_6: y_V_4 [1/1] 2.20ns
entry_ifconv:25  %y_V_4 = sub i22 %p_Val2_6_cast, %r_V_2_cast    ; <i22> [#uses=1]

ST_6: x_V_92 [1/1] 1.37ns
entry_ifconv:26  %x_V_92 = select i1 %tmp_81_2, i22 %t_V_2, i22 %t_V_3 ; <i22> [#uses=3]

ST_6: y_V_93 [1/1] 1.37ns
entry_ifconv:27  %y_V_93 = select i1 %tmp_81_2, i22 %y_V_3, i22 %y_V_4 ; <i22> [#uses=2]

ST_6: tmp_2 [1/1] 0.00ns
entry_ifconv:33  %tmp_2 = call i19 @_ssdm_op_PartSelect.i19.i22.i32.i32(i22 %y_V_93, i32 3, i32 21) ; <i19> [#uses=1]

ST_6: tmp_3 [1/1] 0.00ns
entry_ifconv:36  %tmp_3 = call i19 @_ssdm_op_PartSelect.i19.i22.i32.i32(i22 %x_V_92, i32 3, i32 21) ; <i19> [#uses=1]

ST_6: p_Val2_42_cast [1/1] 0.00ns
entry_ifconv:88  %p_Val2_42_cast = sext i22 %current_angle_V_5 to i32 ; <i32> [#uses=1]

ST_6: tmp_81_7 [1/1] 2.52ns
entry_ifconv:89  %tmp_81_7 = icmp slt i32 %p_Val2_42_cast, %theta_V_read ; <i1> [#uses=3]

ST_6: p_Val2_49_v_cast_cast [1/1] 1.37ns
entry_ifconv:100  %p_Val2_49_v_cast_cast = select i1 %tmp_81_7, i22 8191, i22 -8191 ; <i22> [#uses=1]

ST_6: current_angle_V_6 [1/1] 2.20ns
entry_ifconv:101  %current_angle_V_6 = add i22 %current_angle_V_5, %p_Val2_49_v_cast_cast ; <i22> [#uses=2]

ST_6: p_Val2_49_cast [1/1] 0.00ns
entry_ifconv:102  %p_Val2_49_cast = sext i22 %current_angle_V_6 to i32 ; <i32> [#uses=1]

ST_6: tmp_81_8 [1/1] 2.52ns
entry_ifconv:103  %tmp_81_8 = icmp slt i32 %p_Val2_49_cast, %theta_V_read ; <i1> [#uses=3]


 <State 7>: 7.46ns
ST_7: p_Val2_13_cast_cast [1/1] 0.00ns
entry_ifconv:28  %p_Val2_13_cast_cast = sext i22 %y_V_93 to i29  ; <i29> [#uses=2]

ST_7: r_V_5_cast_cast [1/1] 0.00ns
entry_ifconv:34  %r_V_5_cast_cast = sext i19 %tmp_2 to i22       ; <i22> [#uses=2]

ST_7: t_V_4 [1/1] 2.20ns
entry_ifconv:35  %t_V_4 = sub i22 %x_V_92, %r_V_5_cast_cast      ; <i22> [#uses=1]

ST_7: r_V_6_cast_cast [1/1] 0.00ns
entry_ifconv:37  %r_V_6_cast_cast = sext i19 %tmp_3 to i29       ; <i29> [#uses=2]

ST_7: y_V_6 [1/1] 2.20ns
entry_ifconv:38  %y_V_6 = add i29 %p_Val2_13_cast_cast, %r_V_6_cast_cast ; <i29> [#uses=1]

ST_7: t_V_5 [1/1] 2.20ns
entry_ifconv:39  %t_V_5 = add i22 %x_V_92, %r_V_5_cast_cast      ; <i22> [#uses=1]

ST_7: y_V_7 [1/1] 2.20ns
entry_ifconv:40  %y_V_7 = sub i29 %p_Val2_13_cast_cast, %r_V_6_cast_cast ; <i29> [#uses=1]

ST_7: x_V [1/1] 1.37ns
entry_ifconv:41  %x_V = select i1 %tmp_81_3, i22 %t_V_4, i22 %t_V_5 ; <i22> [#uses=2]

ST_7: x_V_92_cast [1/1] 0.00ns
entry_ifconv:42  %x_V_92_cast = sext i22 %x_V to i27             ; <i27> [#uses=2]

ST_7: y_V_94 [1/1] 1.37ns
entry_ifconv:43  %y_V_94 = select i1 %tmp_81_3, i29 %y_V_6, i29 %y_V_7 ; <i29> [#uses=3]

ST_7: tmp_4 [1/1] 0.00ns
entry_ifconv:48  %tmp_4 = call i25 @_ssdm_op_PartSelect.i25.i29.i32.i32(i29 %y_V_94, i32 4, i32 28) ; <i25> [#uses=1]

ST_7: r_V_9_cast_cast [1/1] 0.00ns
entry_ifconv:49  %r_V_9_cast_cast = sext i25 %tmp_4 to i27       ; <i27> [#uses=2]

ST_7: t_V_6 [1/1] 2.32ns
entry_ifconv:50  %t_V_6 = sub i27 %x_V_92_cast, %r_V_9_cast_cast ; <i27> [#uses=1]

ST_7: tmp_5 [1/1] 0.00ns
entry_ifconv:51  %tmp_5 = call i18 @_ssdm_op_PartSelect.i18.i22.i32.i32(i22 %x_V, i32 4, i32 21) ; <i18> [#uses=1]

ST_7: r_V_10_cast_cast [1/1] 0.00ns
entry_ifconv:52  %r_V_10_cast_cast = sext i18 %tmp_5 to i29      ; <i29> [#uses=2]

ST_7: y_V_9 [1/1] 2.20ns
entry_ifconv:53  %y_V_9 = add i29 %y_V_94, %r_V_10_cast_cast     ; <i29> [#uses=1]

ST_7: t_V_7 [1/1] 2.32ns
entry_ifconv:54  %t_V_7 = add i27 %x_V_92_cast, %r_V_9_cast_cast ; <i27> [#uses=1]

ST_7: y_V_10 [1/1] 2.20ns
entry_ifconv:55  %y_V_10 = sub i29 %y_V_94, %r_V_10_cast_cast    ; <i29> [#uses=1]

ST_7: x_V_93 [1/1] 1.37ns
entry_ifconv:56  %x_V_93 = select i1 %tmp_81_4, i27 %t_V_6, i27 %t_V_7 ; <i27> [#uses=3]

ST_7: y_V_95 [1/1] 1.37ns
entry_ifconv:57  %y_V_95 = select i1 %tmp_81_4, i29 %y_V_9, i29 %y_V_10 ; <i29> [#uses=3]

ST_7: tmp_6 [1/1] 0.00ns
entry_ifconv:62  %tmp_6 = call i24 @_ssdm_op_PartSelect.i24.i29.i32.i32(i29 %y_V_95, i32 5, i32 28) ; <i24> [#uses=1]

ST_7: tmp_7 [1/1] 0.00ns
entry_ifconv:65  %tmp_7 = call i22 @_ssdm_op_PartSelect.i22.i27.i32.i32(i27 %x_V_93, i32 5, i32 26) ; <i22> [#uses=1]

ST_7: p_Val2_56_v_cast_cast [1/1] 1.37ns
entry_ifconv:115  %p_Val2_56_v_cast_cast = select i1 %tmp_81_8, i22 4095, i22 -4095 ; <i22> [#uses=1]

ST_7: current_angle_V_7 [1/1] 2.20ns
entry_ifconv:116  %current_angle_V_7 = add i22 %current_angle_V_6, %p_Val2_56_v_cast_cast ; <i22> [#uses=2]

ST_7: p_Val2_56_cast [1/1] 0.00ns
entry_ifconv:117  %p_Val2_56_cast = sext i22 %current_angle_V_7 to i32 ; <i32> [#uses=1]

ST_7: tmp_81_9 [1/1] 2.52ns
entry_ifconv:118  %tmp_81_9 = icmp slt i32 %p_Val2_56_cast, %theta_V_read ; <i1> [#uses=3]

ST_7: p_Val2_63_v_cast_cast [1/1] 1.37ns
entry_ifconv:130  %p_Val2_63_v_cast_cast = select i1 %tmp_81_9, i22 2047, i22 -2047 ; <i22> [#uses=1]


 <State 8>: 8.29ns
ST_8: r_V_13_cast_cast [1/1] 0.00ns
entry_ifconv:63  %r_V_13_cast_cast = sext i24 %tmp_6 to i27      ; <i27> [#uses=2]

ST_8: t_V_8 [1/1] 2.32ns
entry_ifconv:64  %t_V_8 = sub i27 %x_V_93, %r_V_13_cast_cast     ; <i27> [#uses=1]

ST_8: r_V_14_cast_cast [1/1] 0.00ns
entry_ifconv:66  %r_V_14_cast_cast = sext i22 %tmp_7 to i29      ; <i29> [#uses=2]

ST_8: y_V_12 [1/1] 2.20ns
entry_ifconv:67  %y_V_12 = add i29 %y_V_95, %r_V_14_cast_cast    ; <i29> [#uses=1]

ST_8: t_V_9 [1/1] 2.32ns
entry_ifconv:68  %t_V_9 = add i27 %x_V_93, %r_V_13_cast_cast     ; <i27> [#uses=1]

ST_8: y_V_13 [1/1] 2.20ns
entry_ifconv:69  %y_V_13 = sub i29 %y_V_95, %r_V_14_cast_cast    ; <i29> [#uses=1]

ST_8: x_V_94 [1/1] 1.37ns
entry_ifconv:70  %x_V_94 = select i1 %tmp_81_5, i27 %t_V_8, i27 %t_V_9 ; <i27> [#uses=3]

ST_8: y_V_96 [1/1] 1.37ns
entry_ifconv:71  %y_V_96 = select i1 %tmp_81_5, i29 %y_V_12, i29 %y_V_13 ; <i29> [#uses=3]

ST_8: tmp_9 [1/1] 0.00ns
entry_ifconv:76  %tmp_9 = call i23 @_ssdm_op_PartSelect.i23.i29.i32.i32(i29 %y_V_96, i32 6, i32 28) ; <i23> [#uses=1]

ST_8: r_V_17_cast_cast [1/1] 0.00ns
entry_ifconv:77  %r_V_17_cast_cast = sext i23 %tmp_9 to i27      ; <i27> [#uses=2]

ST_8: t_V_10 [1/1] 2.32ns
entry_ifconv:78  %t_V_10 = sub i27 %x_V_94, %r_V_17_cast_cast    ; <i27> [#uses=1]

ST_8: tmp_10 [1/1] 0.00ns
entry_ifconv:79  %tmp_10 = call i21 @_ssdm_op_PartSelect.i21.i27.i32.i32(i27 %x_V_94, i32 6, i32 26) ; <i21> [#uses=1]

ST_8: r_V_18_cast_cast [1/1] 0.00ns
entry_ifconv:80  %r_V_18_cast_cast = sext i21 %tmp_10 to i29     ; <i29> [#uses=2]

ST_8: y_V_15 [1/1] 2.32ns
entry_ifconv:81  %y_V_15 = add i29 %y_V_96, %r_V_18_cast_cast    ; <i29> [#uses=1]

ST_8: t_V_11 [1/1] 2.32ns
entry_ifconv:82  %t_V_11 = add i27 %x_V_94, %r_V_17_cast_cast    ; <i27> [#uses=1]

ST_8: y_V_16 [1/1] 2.32ns
entry_ifconv:83  %y_V_16 = sub i29 %y_V_96, %r_V_18_cast_cast    ; <i29> [#uses=1]

ST_8: x_V_95 [1/1] 1.37ns
entry_ifconv:84  %x_V_95 = select i1 %tmp_81_6, i27 %t_V_10, i27 %t_V_11 ; <i27> [#uses=3]

ST_8: y_V_97 [1/1] 1.37ns
entry_ifconv:85  %y_V_97 = select i1 %tmp_81_6, i29 %y_V_15, i29 %y_V_16 ; <i29> [#uses=3]

ST_8: tmp_11 [1/1] 0.00ns
entry_ifconv:90  %tmp_11 = call i22 @_ssdm_op_PartSelect.i22.i29.i32.i32(i29 %y_V_97, i32 7, i32 28) ; <i22> [#uses=1]

ST_8: tmp_12 [1/1] 0.00ns
entry_ifconv:93  %tmp_12 = call i20 @_ssdm_op_PartSelect.i20.i27.i32.i32(i27 %x_V_95, i32 7, i32 26) ; <i20> [#uses=1]

ST_8: current_angle_V_8 [1/1] 2.20ns
entry_ifconv:131  %current_angle_V_8 = add i22 %current_angle_V_7, %p_Val2_63_v_cast_cast ; <i22> [#uses=2]

ST_8: p_Val2_63_cast [1/1] 0.00ns
entry_ifconv:132  %p_Val2_63_cast = sext i22 %current_angle_V_8 to i32 ; <i32> [#uses=1]

ST_8: tmp_81_s [1/1] 2.52ns
entry_ifconv:133  %tmp_81_s = icmp slt i32 %p_Val2_63_cast, %theta_V_read ; <i1> [#uses=3]

ST_8: p_Val2_70_v_cast_cast [1/1] 1.37ns
entry_ifconv:144  %p_Val2_70_v_cast_cast = select i1 %tmp_81_s, i22 1023, i22 -1023 ; <i22> [#uses=1]

ST_8: current_angle_V_9 [1/1] 2.20ns
entry_ifconv:145  %current_angle_V_9 = add i22 %current_angle_V_8, %p_Val2_70_v_cast_cast ; <i22> [#uses=2]


 <State 9>: 8.61ns
ST_9: r_V_21_cast_cast [1/1] 0.00ns
entry_ifconv:91  %r_V_21_cast_cast = sext i22 %tmp_11 to i27     ; <i27> [#uses=2]

ST_9: t_V_12 [1/1] 2.32ns
entry_ifconv:92  %t_V_12 = sub i27 %x_V_95, %r_V_21_cast_cast    ; <i27> [#uses=1]

ST_9: r_V_22_cast_cast [1/1] 0.00ns
entry_ifconv:94  %r_V_22_cast_cast = sext i20 %tmp_12 to i29     ; <i29> [#uses=2]

ST_9: y_V_18 [1/1] 2.32ns
entry_ifconv:95  %y_V_18 = add i29 %y_V_97, %r_V_22_cast_cast    ; <i29> [#uses=1]

ST_9: t_V_13 [1/1] 2.32ns
entry_ifconv:96  %t_V_13 = add i27 %x_V_95, %r_V_21_cast_cast    ; <i27> [#uses=1]

ST_9: y_V_19 [1/1] 2.32ns
entry_ifconv:97  %y_V_19 = sub i29 %y_V_97, %r_V_22_cast_cast    ; <i29> [#uses=1]

ST_9: x_V_96 [1/1] 1.37ns
entry_ifconv:98  %x_V_96 = select i1 %tmp_81_7, i27 %t_V_12, i27 %t_V_13 ; <i27> [#uses=3]

ST_9: y_V_98 [1/1] 1.37ns
entry_ifconv:99  %y_V_98 = select i1 %tmp_81_7, i29 %y_V_18, i29 %y_V_19 ; <i29> [#uses=3]

ST_9: tmp_13 [1/1] 0.00ns
entry_ifconv:104  %tmp_13 = call i21 @_ssdm_op_PartSelect.i21.i29.i32.i32(i29 %y_V_98, i32 8, i32 28) ; <i21> [#uses=1]

ST_9: r_V_25_cast_cast [1/1] 0.00ns
entry_ifconv:105  %r_V_25_cast_cast = sext i21 %tmp_13 to i27     ; <i27> [#uses=2]

ST_9: t_V_14 [1/1] 2.32ns
entry_ifconv:106  %t_V_14 = sub i27 %x_V_96, %r_V_25_cast_cast    ; <i27> [#uses=1]

ST_9: tmp_14 [1/1] 0.00ns
entry_ifconv:107  %tmp_14 = call i19 @_ssdm_op_PartSelect.i19.i27.i32.i32(i27 %x_V_96, i32 8, i32 26) ; <i19> [#uses=1]

ST_9: r_V_26_cast_cast [1/1] 0.00ns
entry_ifconv:108  %r_V_26_cast_cast = sext i19 %tmp_14 to i29     ; <i29> [#uses=2]

ST_9: y_V_21 [1/1] 2.32ns
entry_ifconv:109  %y_V_21 = add i29 %y_V_98, %r_V_26_cast_cast    ; <i29> [#uses=1]

ST_9: t_V_15 [1/1] 2.32ns
entry_ifconv:110  %t_V_15 = add i27 %x_V_96, %r_V_25_cast_cast    ; <i27> [#uses=1]

ST_9: y_V_22 [1/1] 2.32ns
entry_ifconv:111  %y_V_22 = sub i29 %y_V_98, %r_V_26_cast_cast    ; <i29> [#uses=1]

ST_9: x_V_97 [1/1] 1.37ns
entry_ifconv:112  %x_V_97 = select i1 %tmp_81_8, i27 %t_V_14, i27 %t_V_15 ; <i27> [#uses=2]

ST_9: y_V_99 [1/1] 1.37ns
entry_ifconv:114  %y_V_99 = select i1 %tmp_81_8, i29 %y_V_21, i29 %y_V_22 ; <i29> [#uses=3]

ST_9: tmp_15 [1/1] 0.00ns
entry_ifconv:119  %tmp_15 = call i20 @_ssdm_op_PartSelect.i20.i29.i32.i32(i29 %y_V_99, i32 9, i32 28) ; <i20> [#uses=1]

ST_9: tmp_16 [1/1] 0.00ns
entry_ifconv:122  %tmp_16 = call i18 @_ssdm_op_PartSelect.i18.i27.i32.i32(i27 %x_V_97, i32 9, i32 26) ; <i18> [#uses=1]

ST_9: p_Val2_70_cast [1/1] 0.00ns
entry_ifconv:146  %p_Val2_70_cast = sext i22 %current_angle_V_9 to i32 ; <i32> [#uses=1]

ST_9: tmp_81_10 [1/1] 2.52ns
entry_ifconv:147  %tmp_81_10 = icmp slt i32 %p_Val2_70_cast, %theta_V_read ; <i1> [#uses=3]

ST_9: p_Val2_77_v_cast_cast [1/1] 1.37ns
entry_ifconv:158  %p_Val2_77_v_cast_cast = select i1 %tmp_81_10, i22 511, i22 -511 ; <i22> [#uses=1]

ST_9: current_angle_V_10 [1/1] 2.20ns
entry_ifconv:159  %current_angle_V_10 = add i22 %current_angle_V_9, %p_Val2_77_v_cast_cast ; <i22> [#uses=2]

ST_9: p_Val2_77_cast [1/1] 0.00ns
entry_ifconv:160  %p_Val2_77_cast = sext i22 %current_angle_V_10 to i32 ; <i32> [#uses=1]

ST_9: tmp_81_11 [1/1] 2.52ns
entry_ifconv:161  %tmp_81_11 = icmp slt i32 %p_Val2_77_cast, %theta_V_read ; <i1> [#uses=3]


 <State 10>: 7.50ns
ST_10: x_V_97_cast [1/1] 0.00ns
entry_ifconv:113  %x_V_97_cast = sext i27 %x_V_97 to i28          ; <i28> [#uses=2]

ST_10: r_V_29_cast_cast [1/1] 0.00ns
entry_ifconv:120  %r_V_29_cast_cast = sext i20 %tmp_15 to i28     ; <i28> [#uses=2]

ST_10: t_V_16 [1/1] 2.32ns
entry_ifconv:121  %t_V_16 = sub i28 %x_V_97_cast, %r_V_29_cast_cast ; <i28> [#uses=1]

ST_10: r_V_30_cast_cast [1/1] 0.00ns
entry_ifconv:123  %r_V_30_cast_cast = sext i18 %tmp_16 to i29     ; <i29> [#uses=2]

ST_10: y_V_24 [1/1] 2.32ns
entry_ifconv:124  %y_V_24 = add i29 %y_V_99, %r_V_30_cast_cast    ; <i29> [#uses=1]

ST_10: t_V_17 [1/1] 2.32ns
entry_ifconv:125  %t_V_17 = add i28 %x_V_97_cast, %r_V_29_cast_cast ; <i28> [#uses=1]

ST_10: y_V_25 [1/1] 2.32ns
entry_ifconv:126  %y_V_25 = sub i29 %y_V_99, %r_V_30_cast_cast    ; <i29> [#uses=1]

ST_10: x_V_98 [1/1] 1.37ns
entry_ifconv:127  %x_V_98 = select i1 %tmp_81_9, i28 %t_V_16, i28 %t_V_17 ; <i28> [#uses=3]

ST_10: y_V_100 [1/1] 1.37ns
entry_ifconv:128  %y_V_100 = select i1 %tmp_81_9, i29 %y_V_24, i29 %y_V_25 ; <i29> [#uses=2]

ST_10: y_V_100_cast [1/1] 0.00ns
entry_ifconv:129  %y_V_100_cast = sext i29 %y_V_100 to i30        ; <i30> [#uses=2]

ST_10: tmp_17 [1/1] 0.00ns
entry_ifconv:134  %tmp_17 = call i19 @_ssdm_op_PartSelect.i19.i29.i32.i32(i29 %y_V_100, i32 10, i32 28) ; <i19> [#uses=1]

ST_10: r_V_33_cast_cast [1/1] 0.00ns
entry_ifconv:135  %r_V_33_cast_cast = sext i19 %tmp_17 to i28     ; <i28> [#uses=2]

ST_10: t_V_18 [1/1] 2.32ns
entry_ifconv:136  %t_V_18 = sub i28 %x_V_98, %r_V_33_cast_cast    ; <i28> [#uses=1]

ST_10: tmp_18 [1/1] 0.00ns
entry_ifconv:137  %tmp_18 = call i18 @_ssdm_op_PartSelect.i18.i28.i32.i32(i28 %x_V_98, i32 10, i32 27) ; <i18> [#uses=1]

ST_10: r_V_34_cast [1/1] 0.00ns
entry_ifconv:138  %r_V_34_cast = sext i18 %tmp_18 to i30          ; <i30> [#uses=2]

ST_10: y_V_27 [1/1] 2.44ns
entry_ifconv:139  %y_V_27 = add i30 %y_V_100_cast, %r_V_34_cast   ; <i30> [#uses=1]

ST_10: t_V_19 [1/1] 2.32ns
entry_ifconv:140  %t_V_19 = add i28 %x_V_98, %r_V_33_cast_cast    ; <i28> [#uses=1]

ST_10: y_V_28 [1/1] 2.44ns
entry_ifconv:141  %y_V_28 = sub i30 %y_V_100_cast, %r_V_34_cast   ; <i30> [#uses=1]

ST_10: x_V_99 [1/1] 1.37ns
entry_ifconv:142  %x_V_99 = select i1 %tmp_81_s, i28 %t_V_18, i28 %t_V_19 ; <i28> [#uses=3]

ST_10: y_V_101 [1/1] 1.37ns
entry_ifconv:143  %y_V_101 = select i1 %tmp_81_s, i30 %y_V_27, i30 %y_V_28 ; <i30> [#uses=3]

ST_10: tmp_19 [1/1] 0.00ns
entry_ifconv:148  %tmp_19 = call i19 @_ssdm_op_PartSelect.i19.i30.i32.i32(i30 %y_V_101, i32 11, i32 29) ; <i19> [#uses=1]

ST_10: tmp_20 [1/1] 0.00ns
entry_ifconv:151  %tmp_20 = call i17 @_ssdm_op_PartSelect.i17.i28.i32.i32(i28 %x_V_99, i32 11, i32 27) ; <i17> [#uses=1]

ST_10: p_Val2_84_v_cast_cast [1/1] 1.37ns
entry_ifconv:172  %p_Val2_84_v_cast_cast = select i1 %tmp_81_11, i22 255, i22 -255 ; <i22> [#uses=1]

ST_10: current_angle_V_11 [1/1] 2.20ns
entry_ifconv:173  %current_angle_V_11 = add i22 %current_angle_V_10, %p_Val2_84_v_cast_cast ; <i22> [#uses=2]

ST_10: p_Val2_84_cast [1/1] 0.00ns
entry_ifconv:174  %p_Val2_84_cast = sext i22 %current_angle_V_11 to i32 ; <i32> [#uses=1]

ST_10: tmp_81_12 [1/1] 2.52ns
entry_ifconv:175  %tmp_81_12 = icmp slt i32 %p_Val2_84_cast, %theta_V_read ; <i1> [#uses=3]

ST_10: p_Val2_91_v_cast_cast [1/1] 1.37ns
entry_ifconv:186  %p_Val2_91_v_cast_cast = select i1 %tmp_81_12, i22 127, i22 -127 ; <i22> [#uses=1]


 <State 11>: 8.29ns
ST_11: r_V_37_cast_cast [1/1] 0.00ns
entry_ifconv:149  %r_V_37_cast_cast = sext i19 %tmp_19 to i28     ; <i28> [#uses=2]

ST_11: t_V_20 [1/1] 2.32ns
entry_ifconv:150  %t_V_20 = sub i28 %x_V_99, %r_V_37_cast_cast    ; <i28> [#uses=1]

ST_11: r_V_38_cast_cast [1/1] 0.00ns
entry_ifconv:152  %r_V_38_cast_cast = sext i17 %tmp_20 to i30     ; <i30> [#uses=2]

ST_11: y_V_30 [1/1] 2.44ns
entry_ifconv:153  %y_V_30 = add i30 %y_V_101, %r_V_38_cast_cast   ; <i30> [#uses=1]

ST_11: t_V_21 [1/1] 2.32ns
entry_ifconv:154  %t_V_21 = add i28 %x_V_99, %r_V_37_cast_cast    ; <i28> [#uses=1]

ST_11: y_V_31 [1/1] 2.44ns
entry_ifconv:155  %y_V_31 = sub i30 %y_V_101, %r_V_38_cast_cast   ; <i30> [#uses=1]

ST_11: x_V_100 [1/1] 1.37ns
entry_ifconv:156  %x_V_100 = select i1 %tmp_81_10, i28 %t_V_20, i28 %t_V_21 ; <i28> [#uses=3]

ST_11: y_V_102 [1/1] 1.37ns
entry_ifconv:157  %y_V_102 = select i1 %tmp_81_10, i30 %y_V_30, i30 %y_V_31 ; <i30> [#uses=3]

ST_11: tmp_21 [1/1] 0.00ns
entry_ifconv:162  %tmp_21 = call i18 @_ssdm_op_PartSelect.i18.i30.i32.i32(i30 %y_V_102, i32 12, i32 29) ; <i18> [#uses=1]

ST_11: r_V_cast [1/1] 0.00ns
entry_ifconv:163  %r_V_cast = sext i18 %tmp_21 to i28             ; <i28> [#uses=2]

ST_11: t_V_22 [1/1] 2.32ns
entry_ifconv:164  %t_V_22 = sub i28 %x_V_100, %r_V_cast           ; <i28> [#uses=1]

ST_11: tmp_22 [1/1] 0.00ns
entry_ifconv:165  %tmp_22 = call i16 @_ssdm_op_PartSelect.i16.i28.i32.i32(i28 %x_V_100, i32 12, i32 27) ; <i16> [#uses=1]

ST_11: r_V_42_cast_cast [1/1] 0.00ns
entry_ifconv:166  %r_V_42_cast_cast = sext i16 %tmp_22 to i30     ; <i30> [#uses=2]

ST_11: y_V_33 [1/1] 2.44ns
entry_ifconv:167  %y_V_33 = add i30 %y_V_102, %r_V_42_cast_cast   ; <i30> [#uses=1]

ST_11: t_V_23 [1/1] 2.32ns
entry_ifconv:168  %t_V_23 = add i28 %x_V_100, %r_V_cast           ; <i28> [#uses=1]

ST_11: y_V_34 [1/1] 2.44ns
entry_ifconv:169  %y_V_34 = sub i30 %y_V_102, %r_V_42_cast_cast   ; <i30> [#uses=1]

ST_11: x_V_101 [1/1] 1.37ns
entry_ifconv:170  %x_V_101 = select i1 %tmp_81_11, i28 %t_V_22, i28 %t_V_23 ; <i28> [#uses=3]

ST_11: y_V_103 [1/1] 1.37ns
entry_ifconv:171  %y_V_103 = select i1 %tmp_81_11, i30 %y_V_33, i30 %y_V_34 ; <i30> [#uses=3]

ST_11: tmp_23 [1/1] 0.00ns
entry_ifconv:176  %tmp_23 = call i17 @_ssdm_op_PartSelect.i17.i30.i32.i32(i30 %y_V_103, i32 13, i32 29) ; <i17> [#uses=1]

ST_11: tmp_24 [1/1] 0.00ns
entry_ifconv:179  %tmp_24 = call i15 @_ssdm_op_PartSelect.i15.i28.i32.i32(i28 %x_V_101, i32 13, i32 27) ; <i15> [#uses=1]

ST_11: current_angle_V_12 [1/1] 2.20ns
entry_ifconv:187  %current_angle_V_12 = add i22 %current_angle_V_11, %p_Val2_91_v_cast_cast ; <i22> [#uses=2]

ST_11: p_Val2_91_cast [1/1] 0.00ns
entry_ifconv:188  %p_Val2_91_cast = sext i22 %current_angle_V_12 to i32 ; <i32> [#uses=1]

ST_11: tmp_81_13 [1/1] 2.52ns
entry_ifconv:189  %tmp_81_13 = icmp slt i32 %p_Val2_91_cast, %theta_V_read ; <i1> [#uses=3]

ST_11: p_Val2_98_v_cast_cast [1/1] 1.37ns
entry_ifconv:200  %p_Val2_98_v_cast_cast = select i1 %tmp_81_13, i22 63, i22 -63 ; <i22> [#uses=1]

ST_11: current_angle_V_13 [1/1] 2.20ns
entry_ifconv:201  %current_angle_V_13 = add i22 %current_angle_V_12, %p_Val2_98_v_cast_cast ; <i22> [#uses=2]


 <State 12>: 8.61ns
ST_12: r_V_1_cast [1/1] 0.00ns
entry_ifconv:177  %r_V_1_cast = sext i17 %tmp_23 to i28           ; <i28> [#uses=2]

ST_12: t_V_24 [1/1] 2.32ns
entry_ifconv:178  %t_V_24 = sub i28 %x_V_101, %r_V_1_cast         ; <i28> [#uses=1]

ST_12: r_V_46_cast_cast [1/1] 0.00ns
entry_ifconv:180  %r_V_46_cast_cast = sext i15 %tmp_24 to i30     ; <i30> [#uses=2]

ST_12: y_V_36 [1/1] 2.44ns
entry_ifconv:181  %y_V_36 = add i30 %y_V_103, %r_V_46_cast_cast   ; <i30> [#uses=1]

ST_12: t_V_25 [1/1] 2.32ns
entry_ifconv:182  %t_V_25 = add i28 %x_V_101, %r_V_1_cast         ; <i28> [#uses=1]

ST_12: y_V_37 [1/1] 2.44ns
entry_ifconv:183  %y_V_37 = sub i30 %y_V_103, %r_V_46_cast_cast   ; <i30> [#uses=1]

ST_12: x_V_102 [1/1] 1.37ns
entry_ifconv:184  %x_V_102 = select i1 %tmp_81_12, i28 %t_V_24, i28 %t_V_25 ; <i28> [#uses=3]

ST_12: y_V_104 [1/1] 1.37ns
entry_ifconv:185  %y_V_104 = select i1 %tmp_81_12, i30 %y_V_36, i30 %y_V_37 ; <i30> [#uses=3]

ST_12: tmp_25 [1/1] 0.00ns
entry_ifconv:190  %tmp_25 = call i16 @_ssdm_op_PartSelect.i16.i30.i32.i32(i30 %y_V_104, i32 14, i32 29) ; <i16> [#uses=1]

ST_12: r_V_2_cast1 [1/1] 0.00ns
entry_ifconv:191  %r_V_2_cast1 = sext i16 %tmp_25 to i28          ; <i28> [#uses=2]

ST_12: t_V_26 [1/1] 2.32ns
entry_ifconv:192  %t_V_26 = sub i28 %x_V_102, %r_V_2_cast1        ; <i28> [#uses=1]

ST_12: tmp_26 [1/1] 0.00ns
entry_ifconv:193  %tmp_26 = call i14 @_ssdm_op_PartSelect.i14.i28.i32.i32(i28 %x_V_102, i32 14, i32 27) ; <i14> [#uses=1]

ST_12: r_V_50_cast_cast [1/1] 0.00ns
entry_ifconv:194  %r_V_50_cast_cast = sext i14 %tmp_26 to i30     ; <i30> [#uses=2]

ST_12: y_V_39 [1/1] 2.44ns
entry_ifconv:195  %y_V_39 = add i30 %y_V_104, %r_V_50_cast_cast   ; <i30> [#uses=1]

ST_12: t_V_27 [1/1] 2.32ns
entry_ifconv:196  %t_V_27 = add i28 %x_V_102, %r_V_2_cast1        ; <i28> [#uses=1]

ST_12: y_V_40 [1/1] 2.44ns
entry_ifconv:197  %y_V_40 = sub i30 %y_V_104, %r_V_50_cast_cast   ; <i30> [#uses=1]

ST_12: x_V_103 [1/1] 1.37ns
entry_ifconv:198  %x_V_103 = select i1 %tmp_81_13, i28 %t_V_26, i28 %t_V_27 ; <i28> [#uses=3]

ST_12: y_V_105 [1/1] 1.37ns
entry_ifconv:199  %y_V_105 = select i1 %tmp_81_13, i30 %y_V_39, i30 %y_V_40 ; <i30> [#uses=3]

ST_12: p_Val2_98_cast [1/1] 0.00ns
entry_ifconv:202  %p_Val2_98_cast = sext i22 %current_angle_V_13 to i32 ; <i32> [#uses=1]

ST_12: tmp_81_14 [1/1] 2.52ns
entry_ifconv:203  %tmp_81_14 = icmp slt i32 %p_Val2_98_cast, %theta_V_read ; <i1> [#uses=3]

ST_12: tmp_27 [1/1] 0.00ns
entry_ifconv:204  %tmp_27 = call i15 @_ssdm_op_PartSelect.i15.i30.i32.i32(i30 %y_V_105, i32 15, i32 29) ; <i15> [#uses=1]

ST_12: tmp_28 [1/1] 0.00ns
entry_ifconv:207  %tmp_28 = call i13 @_ssdm_op_PartSelect.i13.i28.i32.i32(i28 %x_V_103, i32 15, i32 27) ; <i13> [#uses=1]

ST_12: p_Val2_105_v_cast_cast [1/1] 1.37ns
entry_ifconv:214  %p_Val2_105_v_cast_cast = select i1 %tmp_81_14, i22 31, i22 -31 ; <i22> [#uses=1]

ST_12: current_angle_V_14 [1/1] 2.20ns
entry_ifconv:215  %current_angle_V_14 = add i22 %current_angle_V_13, %p_Val2_105_v_cast_cast ; <i22> [#uses=2]

ST_12: p_Val2_105_cast [1/1] 0.00ns
entry_ifconv:216  %p_Val2_105_cast = sext i22 %current_angle_V_14 to i32 ; <i32> [#uses=1]

ST_12: tmp_81_15 [1/1] 2.52ns
entry_ifconv:217  %tmp_81_15 = icmp slt i32 %p_Val2_105_cast, %theta_V_read ; <i1> [#uses=3]


 <State 13>: 7.62ns
ST_13: r_V_3_cast [1/1] 0.00ns
entry_ifconv:205  %r_V_3_cast = sext i15 %tmp_27 to i28           ; <i28> [#uses=2]

ST_13: t_V_28 [1/1] 2.32ns
entry_ifconv:206  %t_V_28 = sub i28 %x_V_103, %r_V_3_cast         ; <i28> [#uses=1]

ST_13: r_V_54_cast_cast [1/1] 0.00ns
entry_ifconv:208  %r_V_54_cast_cast = sext i13 %tmp_28 to i30     ; <i30> [#uses=2]

ST_13: y_V_42 [1/1] 2.44ns
entry_ifconv:209  %y_V_42 = add i30 %y_V_105, %r_V_54_cast_cast   ; <i30> [#uses=1]

ST_13: t_V_29 [1/1] 2.32ns
entry_ifconv:210  %t_V_29 = add i28 %x_V_103, %r_V_3_cast         ; <i28> [#uses=1]

ST_13: y_V_43 [1/1] 2.44ns
entry_ifconv:211  %y_V_43 = sub i30 %y_V_105, %r_V_54_cast_cast   ; <i30> [#uses=1]

ST_13: x_V_104 [1/1] 1.37ns
entry_ifconv:212  %x_V_104 = select i1 %tmp_81_14, i28 %t_V_28, i28 %t_V_29 ; <i28> [#uses=3]

ST_13: y_V_106 [1/1] 1.37ns
entry_ifconv:213  %y_V_106 = select i1 %tmp_81_14, i30 %y_V_42, i30 %y_V_43 ; <i30> [#uses=3]

ST_13: tmp_29 [1/1] 0.00ns
entry_ifconv:218  %tmp_29 = call i14 @_ssdm_op_PartSelect.i14.i30.i32.i32(i30 %y_V_106, i32 16, i32 29) ; <i14> [#uses=1]

ST_13: r_V_4_cast [1/1] 0.00ns
entry_ifconv:219  %r_V_4_cast = sext i14 %tmp_29 to i28           ; <i28> [#uses=2]

ST_13: t_V_30 [1/1] 2.32ns
entry_ifconv:220  %t_V_30 = sub i28 %x_V_104, %r_V_4_cast         ; <i28> [#uses=1]

ST_13: tmp_30 [1/1] 0.00ns
entry_ifconv:221  %tmp_30 = call i12 @_ssdm_op_PartSelect.i12.i28.i32.i32(i28 %x_V_104, i32 16, i32 27) ; <i12> [#uses=1]

ST_13: r_V_58_cast_cast [1/1] 0.00ns
entry_ifconv:222  %r_V_58_cast_cast = sext i12 %tmp_30 to i30     ; <i30> [#uses=2]

ST_13: y_V_45 [1/1] 2.44ns
entry_ifconv:223  %y_V_45 = add i30 %y_V_106, %r_V_58_cast_cast   ; <i30> [#uses=1]

ST_13: t_V_31 [1/1] 2.32ns
entry_ifconv:224  %t_V_31 = add i28 %x_V_104, %r_V_4_cast         ; <i28> [#uses=1]

ST_13: y_V_46 [1/1] 2.44ns
entry_ifconv:225  %y_V_46 = sub i30 %y_V_106, %r_V_58_cast_cast   ; <i30> [#uses=1]

ST_13: x_V_105 [1/1] 1.37ns
entry_ifconv:226  %x_V_105 = select i1 %tmp_81_15, i28 %t_V_30, i28 %t_V_31 ; <i28> [#uses=3]

ST_13: y_V_107 [1/1] 1.37ns
entry_ifconv:227  %y_V_107 = select i1 %tmp_81_15, i30 %y_V_45, i30 %y_V_46 ; <i30> [#uses=3]

ST_13: p_Val2_112_v_cast_cast [1/1] 1.37ns
entry_ifconv:228  %p_Val2_112_v_cast_cast = select i1 %tmp_81_15, i22 15, i22 -15 ; <i22> [#uses=1]

ST_13: current_angle_V_15 [1/1] 2.20ns
entry_ifconv:229  %current_angle_V_15 = add i22 %current_angle_V_14, %p_Val2_112_v_cast_cast ; <i22> [#uses=2]

ST_13: p_Val2_112_cast [1/1] 0.00ns
entry_ifconv:230  %p_Val2_112_cast = sext i22 %current_angle_V_15 to i32 ; <i32> [#uses=1]

ST_13: tmp_81_16 [1/1] 2.52ns
entry_ifconv:231  %tmp_81_16 = icmp slt i32 %p_Val2_112_cast, %theta_V_read ; <i1> [#uses=3]

ST_13: tmp_31 [1/1] 0.00ns
entry_ifconv:232  %tmp_31 = call i13 @_ssdm_op_PartSelect.i13.i30.i32.i32(i30 %y_V_107, i32 17, i32 29) ; <i13> [#uses=1]

ST_13: tmp_32 [1/1] 0.00ns
entry_ifconv:235  %tmp_32 = call i11 @_ssdm_op_PartSelect.i11.i28.i32.i32(i28 %x_V_105, i32 17, i32 27) ; <i11> [#uses=1]

ST_13: p_Val2_119_v_cast_cast [1/1] 1.37ns
entry_ifconv:242  %p_Val2_119_v_cast_cast = select i1 %tmp_81_16, i22 7, i22 -7 ; <i22> [#uses=1]


 <State 14>: 8.29ns
ST_14: r_V_5_cast9 [1/1] 0.00ns
entry_ifconv:233  %r_V_5_cast9 = sext i13 %tmp_31 to i28          ; <i28> [#uses=2]

ST_14: t_V_32 [1/1] 2.32ns
entry_ifconv:234  %t_V_32 = sub i28 %x_V_105, %r_V_5_cast9        ; <i28> [#uses=1]

ST_14: r_V_62_cast_cast [1/1] 0.00ns
entry_ifconv:236  %r_V_62_cast_cast = sext i11 %tmp_32 to i30     ; <i30> [#uses=2]

ST_14: y_V_48 [1/1] 2.44ns
entry_ifconv:237  %y_V_48 = add i30 %y_V_107, %r_V_62_cast_cast   ; <i30> [#uses=1]

ST_14: t_V_33 [1/1] 2.32ns
entry_ifconv:238  %t_V_33 = add i28 %x_V_105, %r_V_5_cast9        ; <i28> [#uses=1]

ST_14: y_V_49 [1/1] 2.44ns
entry_ifconv:239  %y_V_49 = sub i30 %y_V_107, %r_V_62_cast_cast   ; <i30> [#uses=1]

ST_14: x_V_106 [1/1] 1.37ns
entry_ifconv:240  %x_V_106 = select i1 %tmp_81_16, i28 %t_V_32, i28 %t_V_33 ; <i28> [#uses=3]

ST_14: y_V_108 [1/1] 1.37ns
entry_ifconv:241  %y_V_108 = select i1 %tmp_81_16, i30 %y_V_48, i30 %y_V_49 ; <i30> [#uses=3]

ST_14: current_angle_V_16 [1/1] 2.20ns
entry_ifconv:243  %current_angle_V_16 = add i22 %current_angle_V_15, %p_Val2_119_v_cast_cast ; <i22> [#uses=2]

ST_14: p_Val2_119_cast [1/1] 0.00ns
entry_ifconv:244  %p_Val2_119_cast = sext i22 %current_angle_V_16 to i32 ; <i32> [#uses=1]

ST_14: tmp_81_17 [1/1] 2.52ns
entry_ifconv:245  %tmp_81_17 = icmp slt i32 %p_Val2_119_cast, %theta_V_read ; <i1> [#uses=3]

ST_14: tmp_33 [1/1] 0.00ns
entry_ifconv:246  %tmp_33 = call i12 @_ssdm_op_PartSelect.i12.i30.i32.i32(i30 %y_V_108, i32 18, i32 29) ; <i12> [#uses=1]

ST_14: r_V_6_cast8 [1/1] 0.00ns
entry_ifconv:247  %r_V_6_cast8 = sext i12 %tmp_33 to i28          ; <i28> [#uses=2]

ST_14: t_V_34 [1/1] 2.32ns
entry_ifconv:248  %t_V_34 = sub i28 %x_V_106, %r_V_6_cast8        ; <i28> [#uses=1]

ST_14: tmp_34 [1/1] 0.00ns
entry_ifconv:249  %tmp_34 = call i10 @_ssdm_op_PartSelect.i10.i28.i32.i32(i28 %x_V_106, i32 18, i32 27) ; <i10> [#uses=1]

ST_14: r_V_66_cast_cast [1/1] 0.00ns
entry_ifconv:250  %r_V_66_cast_cast = sext i10 %tmp_34 to i30     ; <i30> [#uses=2]

ST_14: y_V_51 [1/1] 2.44ns
entry_ifconv:251  %y_V_51 = add i30 %y_V_108, %r_V_66_cast_cast   ; <i30> [#uses=1]

ST_14: t_V_35 [1/1] 2.32ns
entry_ifconv:252  %t_V_35 = add i28 %x_V_106, %r_V_6_cast8        ; <i28> [#uses=1]

ST_14: y_V_52 [1/1] 2.44ns
entry_ifconv:253  %y_V_52 = sub i30 %y_V_108, %r_V_66_cast_cast   ; <i30> [#uses=1]

ST_14: x_V_107 [1/1] 1.37ns
entry_ifconv:254  %x_V_107 = select i1 %tmp_81_17, i28 %t_V_34, i28 %t_V_35 ; <i28> [#uses=3]

ST_14: y_V_109 [1/1] 1.37ns
entry_ifconv:255  %y_V_109 = select i1 %tmp_81_17, i30 %y_V_51, i30 %y_V_52 ; <i30> [#uses=3]

ST_14: p_Val2_126_v_cast_cast [1/1] 1.37ns
entry_ifconv:256  %p_Val2_126_v_cast_cast = select i1 %tmp_81_17, i22 3, i22 -3 ; <i22> [#uses=1]

ST_14: current_angle_V_17 [1/1] 2.20ns
entry_ifconv:257  %current_angle_V_17 = add i22 %current_angle_V_16, %p_Val2_126_v_cast_cast ; <i22> [#uses=2]

ST_14: tmp_35 [1/1] 0.00ns
entry_ifconv:260  %tmp_35 = call i11 @_ssdm_op_PartSelect.i11.i30.i32.i32(i30 %y_V_109, i32 19, i32 29) ; <i11> [#uses=1]

ST_14: tmp_36 [1/1] 0.00ns
entry_ifconv:263  %tmp_36 = call i9 @_ssdm_op_PartSelect.i9.i28.i32.i32(i28 %x_V_107, i32 19, i32 27) ; <i9> [#uses=1]


 <State 15>: 8.61ns
ST_15: tmp [1/1] 2.52ns
entry_ifconv:1  %tmp = icmp eq i32 %theta_V_read, 0             ; <i1> [#uses=3]

ST_15: p_Val2_126_cast [1/1] 0.00ns
entry_ifconv:258  %p_Val2_126_cast = sext i22 %current_angle_V_17 to i32 ; <i32> [#uses=1]

ST_15: tmp_81_18 [1/1] 2.52ns
entry_ifconv:259  %tmp_81_18 = icmp slt i32 %p_Val2_126_cast, %theta_V_read ; <i1> [#uses=3]

ST_15: r_V_7_cast [1/1] 0.00ns
entry_ifconv:261  %r_V_7_cast = sext i11 %tmp_35 to i28           ; <i28> [#uses=2]

ST_15: t_V_36 [1/1] 2.32ns
entry_ifconv:262  %t_V_36 = sub i28 %x_V_107, %r_V_7_cast         ; <i28> [#uses=1]

ST_15: r_V_70_cast_cast [1/1] 0.00ns
entry_ifconv:264  %r_V_70_cast_cast = sext i9 %tmp_36 to i30      ; <i30> [#uses=2]

ST_15: y_V_54 [1/1] 2.44ns
entry_ifconv:265  %y_V_54 = add i30 %y_V_109, %r_V_70_cast_cast   ; <i30> [#uses=1]

ST_15: t_V_37 [1/1] 2.32ns
entry_ifconv:266  %t_V_37 = add i28 %x_V_107, %r_V_7_cast         ; <i28> [#uses=1]

ST_15: y_V_55 [1/1] 2.44ns
entry_ifconv:267  %y_V_55 = sub i30 %y_V_109, %r_V_70_cast_cast   ; <i30> [#uses=1]

ST_15: x_V_108 [1/1] 1.37ns
entry_ifconv:268  %x_V_108 = select i1 %tmp_81_18, i28 %t_V_36, i28 %t_V_37 ; <i28> [#uses=3]

ST_15: y_V_110 [1/1] 1.37ns
entry_ifconv:269  %y_V_110 = select i1 %tmp_81_18, i30 %y_V_54, i30 %y_V_55 ; <i30> [#uses=3]

ST_15: p_Val2_135_v_cast_cast [1/1] 1.37ns
entry_ifconv:270  %p_Val2_135_v_cast_cast = select i1 %tmp_81_18, i22 1, i22 -1 ; <i22> [#uses=1]

ST_15: p_Val2_57 [1/1] 2.20ns
entry_ifconv:271  %p_Val2_57 = add i22 %current_angle_V_17, %p_Val2_135_v_cast_cast ; <i22> [#uses=1]

ST_15: p_Val2_135_cast [1/1] 0.00ns
entry_ifconv:272  %p_Val2_135_cast = sext i22 %p_Val2_57 to i32   ; <i32> [#uses=1]

ST_15: tmp_81_19 [1/1] 2.52ns
entry_ifconv:273  %tmp_81_19 = icmp slt i32 %p_Val2_135_cast, %theta_V_read ; <i1> [#uses=23]

ST_15: tmp_37 [1/1] 0.00ns
entry_ifconv:274  %tmp_37 = call i10 @_ssdm_op_PartSelect.i10.i30.i32.i32(i30 %y_V_110, i32 20, i32 29) ; <i10> [#uses=1]

ST_15: r_V_8_cast [1/1] 0.00ns
entry_ifconv:275  %r_V_8_cast = sext i10 %tmp_37 to i28           ; <i28> [#uses=2]

ST_15: t_V_38 [1/1] 2.32ns
entry_ifconv:276  %t_V_38 = sub i28 %x_V_108, %r_V_8_cast         ; <i28> [#uses=1]

ST_15: tmp_38 [1/1] 0.00ns
entry_ifconv:277  %tmp_38 = call i8 @_ssdm_op_PartSelect.i8.i28.i32.i32(i28 %x_V_108, i32 20, i32 27) ; <i8> [#uses=1]

ST_15: r_V_74_cast_cast [1/1] 0.00ns
entry_ifconv:278  %r_V_74_cast_cast = sext i8 %tmp_38 to i30      ; <i30> [#uses=2]

ST_15: y_V_57 [1/1] 2.44ns
entry_ifconv:279  %y_V_57 = add i30 %y_V_110, %r_V_74_cast_cast   ; <i30> [#uses=1]

ST_15: t_V_39 [1/1] 2.32ns
entry_ifconv:280  %t_V_39 = add i28 %x_V_108, %r_V_8_cast         ; <i28> [#uses=1]

ST_15: y_V_58 [1/1] 2.44ns
entry_ifconv:281  %y_V_58 = sub i30 %y_V_110, %r_V_74_cast_cast   ; <i30> [#uses=1]


 <State 16>: 7.62ns
ST_16: x_V_109 [1/1] 1.37ns
entry_ifconv:282  %x_V_109 = select i1 %tmp_81_19, i28 %t_V_38, i28 %t_V_39 ; <i28> [#uses=3]

ST_16: y_V_111 [1/1] 1.37ns
entry_ifconv:283  %y_V_111 = select i1 %tmp_81_19, i30 %y_V_57, i30 %y_V_58 ; <i30> [#uses=3]

ST_16: tmp_39 [1/1] 0.00ns
entry_ifconv:284  %tmp_39 = call i9 @_ssdm_op_PartSelect.i9.i30.i32.i32(i30 %y_V_111, i32 21, i32 29) ; <i9> [#uses=1]

ST_16: r_V_9_cast7 [1/1] 0.00ns
entry_ifconv:285  %r_V_9_cast7 = sext i9 %tmp_39 to i28           ; <i28> [#uses=2]

ST_16: t_V_40 [1/1] 2.32ns
entry_ifconv:286  %t_V_40 = sub i28 %x_V_109, %r_V_9_cast7        ; <i28> [#uses=1]

ST_16: tmp_40 [1/1] 0.00ns
entry_ifconv:287  %tmp_40 = call i7 @_ssdm_op_PartSelect.i7.i28.i32.i32(i28 %x_V_109, i32 21, i32 27) ; <i7> [#uses=1]

ST_16: r_V_78_cast_cast [1/1] 0.00ns
entry_ifconv:288  %r_V_78_cast_cast = sext i7 %tmp_40 to i30      ; <i30> [#uses=2]

ST_16: y_V_60 [1/1] 2.44ns
entry_ifconv:289  %y_V_60 = add i30 %y_V_111, %r_V_78_cast_cast   ; <i30> [#uses=1]

ST_16: t_V_41 [1/1] 2.32ns
entry_ifconv:290  %t_V_41 = add i28 %x_V_109, %r_V_9_cast7        ; <i28> [#uses=1]

ST_16: y_V_61 [1/1] 2.44ns
entry_ifconv:291  %y_V_61 = sub i30 %y_V_111, %r_V_78_cast_cast   ; <i30> [#uses=1]

ST_16: x_V_110 [1/1] 1.37ns
entry_ifconv:292  %x_V_110 = select i1 %tmp_81_19, i28 %t_V_40, i28 %t_V_41 ; <i28> [#uses=3]

ST_16: y_V_112 [1/1] 1.37ns
entry_ifconv:293  %y_V_112 = select i1 %tmp_81_19, i30 %y_V_60, i30 %y_V_61 ; <i30> [#uses=3]

ST_16: tmp_41 [1/1] 0.00ns
entry_ifconv:294  %tmp_41 = call i8 @_ssdm_op_PartSelect.i8.i30.i32.i32(i30 %y_V_112, i32 22, i32 29) ; <i8> [#uses=1]

ST_16: r_V_10_cast6 [1/1] 0.00ns
entry_ifconv:295  %r_V_10_cast6 = sext i8 %tmp_41 to i28          ; <i28> [#uses=2]

ST_16: t_V_42 [1/1] 2.32ns
entry_ifconv:296  %t_V_42 = sub i28 %x_V_110, %r_V_10_cast6       ; <i28> [#uses=1]

ST_16: tmp_42 [1/1] 0.00ns
entry_ifconv:297  %tmp_42 = call i6 @_ssdm_op_PartSelect.i6.i28.i32.i32(i28 %x_V_110, i32 22, i32 27) ; <i6> [#uses=1]

ST_16: r_V_82_cast_cast [1/1] 0.00ns
entry_ifconv:298  %r_V_82_cast_cast = sext i6 %tmp_42 to i30      ; <i30> [#uses=2]

ST_16: y_V_63 [1/1] 2.44ns
entry_ifconv:299  %y_V_63 = add i30 %y_V_112, %r_V_82_cast_cast   ; <i30> [#uses=1]

ST_16: t_V_43 [1/1] 2.32ns
entry_ifconv:300  %t_V_43 = add i28 %x_V_110, %r_V_10_cast6       ; <i28> [#uses=1]

ST_16: y_V_64 [1/1] 2.44ns
entry_ifconv:301  %y_V_64 = sub i30 %y_V_112, %r_V_82_cast_cast   ; <i30> [#uses=1]


 <State 17>: 7.62ns
ST_17: x_V_111 [1/1] 1.37ns
entry_ifconv:302  %x_V_111 = select i1 %tmp_81_19, i28 %t_V_42, i28 %t_V_43 ; <i28> [#uses=3]

ST_17: y_V_113 [1/1] 1.37ns
entry_ifconv:303  %y_V_113 = select i1 %tmp_81_19, i30 %y_V_63, i30 %y_V_64 ; <i30> [#uses=3]

ST_17: tmp_43 [1/1] 0.00ns
entry_ifconv:304  %tmp_43 = call i7 @_ssdm_op_PartSelect.i7.i30.i32.i32(i30 %y_V_113, i32 23, i32 29) ; <i7> [#uses=1]

ST_17: r_V_11_cast [1/1] 0.00ns
entry_ifconv:305  %r_V_11_cast = sext i7 %tmp_43 to i28           ; <i28> [#uses=2]

ST_17: t_V_44 [1/1] 2.32ns
entry_ifconv:306  %t_V_44 = sub i28 %x_V_111, %r_V_11_cast        ; <i28> [#uses=1]

ST_17: tmp_44 [1/1] 0.00ns
entry_ifconv:307  %tmp_44 = call i5 @_ssdm_op_PartSelect.i5.i28.i32.i32(i28 %x_V_111, i32 23, i32 27) ; <i5> [#uses=1]

ST_17: r_V_86_cast_cast [1/1] 0.00ns
entry_ifconv:308  %r_V_86_cast_cast = sext i5 %tmp_44 to i30      ; <i30> [#uses=2]

ST_17: y_V_66 [1/1] 2.44ns
entry_ifconv:309  %y_V_66 = add i30 %y_V_113, %r_V_86_cast_cast   ; <i30> [#uses=1]

ST_17: t_V_45 [1/1] 2.32ns
entry_ifconv:310  %t_V_45 = add i28 %x_V_111, %r_V_11_cast        ; <i28> [#uses=1]

ST_17: y_V_67 [1/1] 2.44ns
entry_ifconv:311  %y_V_67 = sub i30 %y_V_113, %r_V_86_cast_cast   ; <i30> [#uses=1]

ST_17: x_V_112 [1/1] 1.37ns
entry_ifconv:312  %x_V_112 = select i1 %tmp_81_19, i28 %t_V_44, i28 %t_V_45 ; <i28> [#uses=3]

ST_17: y_V_114 [1/1] 1.37ns
entry_ifconv:313  %y_V_114 = select i1 %tmp_81_19, i30 %y_V_66, i30 %y_V_67 ; <i30> [#uses=3]

ST_17: tmp_45 [1/1] 0.00ns
entry_ifconv:314  %tmp_45 = call i6 @_ssdm_op_PartSelect.i6.i30.i32.i32(i30 %y_V_114, i32 24, i32 29) ; <i6> [#uses=1]

ST_17: r_V_12_cast [1/1] 0.00ns
entry_ifconv:315  %r_V_12_cast = sext i6 %tmp_45 to i28           ; <i28> [#uses=2]

ST_17: t_V_46 [1/1] 2.32ns
entry_ifconv:316  %t_V_46 = sub i28 %x_V_112, %r_V_12_cast        ; <i28> [#uses=1]

ST_17: tmp_46 [1/1] 0.00ns
entry_ifconv:317  %tmp_46 = call i4 @_ssdm_op_PartSelect.i4.i28.i32.i32(i28 %x_V_112, i32 24, i32 27) ; <i4> [#uses=1]

ST_17: r_V_90_cast_cast [1/1] 0.00ns
entry_ifconv:318  %r_V_90_cast_cast = sext i4 %tmp_46 to i30      ; <i30> [#uses=2]

ST_17: y_V_69 [1/1] 2.44ns
entry_ifconv:319  %y_V_69 = add i30 %y_V_114, %r_V_90_cast_cast   ; <i30> [#uses=1]

ST_17: t_V_47 [1/1] 2.32ns
entry_ifconv:320  %t_V_47 = add i28 %x_V_112, %r_V_12_cast        ; <i28> [#uses=1]

ST_17: y_V_70 [1/1] 2.44ns
entry_ifconv:321  %y_V_70 = sub i30 %y_V_114, %r_V_90_cast_cast   ; <i30> [#uses=1]


 <State 18>: 7.62ns
ST_18: x_V_113 [1/1] 1.37ns
entry_ifconv:322  %x_V_113 = select i1 %tmp_81_19, i28 %t_V_46, i28 %t_V_47 ; <i28> [#uses=3]

ST_18: y_V_115 [1/1] 1.37ns
entry_ifconv:323  %y_V_115 = select i1 %tmp_81_19, i30 %y_V_69, i30 %y_V_70 ; <i30> [#uses=3]

ST_18: tmp_47 [1/1] 0.00ns
entry_ifconv:324  %tmp_47 = call i5 @_ssdm_op_PartSelect.i5.i30.i32.i32(i30 %y_V_115, i32 25, i32 29) ; <i5> [#uses=1]

ST_18: r_V_13_cast5 [1/1] 0.00ns
entry_ifconv:325  %r_V_13_cast5 = sext i5 %tmp_47 to i28          ; <i28> [#uses=2]

ST_18: t_V_48 [1/1] 2.32ns
entry_ifconv:326  %t_V_48 = sub i28 %x_V_113, %r_V_13_cast5       ; <i28> [#uses=1]

ST_18: tmp_48 [1/1] 0.00ns
entry_ifconv:327  %tmp_48 = call i3 @_ssdm_op_PartSelect.i3.i28.i32.i32(i28 %x_V_113, i32 25, i32 27) ; <i3> [#uses=1]

ST_18: r_V_94_cast_cast [1/1] 0.00ns
entry_ifconv:328  %r_V_94_cast_cast = sext i3 %tmp_48 to i30      ; <i30> [#uses=2]

ST_18: y_V_72 [1/1] 2.44ns
entry_ifconv:329  %y_V_72 = add i30 %y_V_115, %r_V_94_cast_cast   ; <i30> [#uses=1]

ST_18: t_V_49 [1/1] 2.32ns
entry_ifconv:330  %t_V_49 = add i28 %x_V_113, %r_V_13_cast5       ; <i28> [#uses=1]

ST_18: y_V_73 [1/1] 2.44ns
entry_ifconv:331  %y_V_73 = sub i30 %y_V_115, %r_V_94_cast_cast   ; <i30> [#uses=1]

ST_18: x_V_114 [1/1] 1.37ns
entry_ifconv:332  %x_V_114 = select i1 %tmp_81_19, i28 %t_V_48, i28 %t_V_49 ; <i28> [#uses=3]

ST_18: y_V_116 [1/1] 1.37ns
entry_ifconv:333  %y_V_116 = select i1 %tmp_81_19, i30 %y_V_72, i30 %y_V_73 ; <i30> [#uses=3]

ST_18: tmp_49 [1/1] 0.00ns
entry_ifconv:334  %tmp_49 = call i4 @_ssdm_op_PartSelect.i4.i30.i32.i32(i30 %y_V_116, i32 26, i32 29) ; <i4> [#uses=1]

ST_18: r_V_14_cast4 [1/1] 0.00ns
entry_ifconv:335  %r_V_14_cast4 = sext i4 %tmp_49 to i28          ; <i28> [#uses=2]

ST_18: t_V_50 [1/1] 2.32ns
entry_ifconv:336  %t_V_50 = sub i28 %x_V_114, %r_V_14_cast4       ; <i28> [#uses=1]

ST_18: tmp_50 [1/1] 0.00ns
entry_ifconv:337  %tmp_50 = call i2 @_ssdm_op_PartSelect.i2.i28.i32.i32(i28 %x_V_114, i32 26, i32 27) ; <i2> [#uses=1]

ST_18: r_V_98_cast_cast [1/1] 0.00ns
entry_ifconv:338  %r_V_98_cast_cast = sext i2 %tmp_50 to i30      ; <i30> [#uses=2]

ST_18: y_V_75 [1/1] 2.44ns
entry_ifconv:339  %y_V_75 = add i30 %y_V_116, %r_V_98_cast_cast   ; <i30> [#uses=1]

ST_18: t_V_51 [1/1] 2.32ns
entry_ifconv:340  %t_V_51 = add i28 %x_V_114, %r_V_14_cast4       ; <i28> [#uses=1]

ST_18: y_V_76 [1/1] 2.44ns
entry_ifconv:341  %y_V_76 = sub i30 %y_V_116, %r_V_98_cast_cast   ; <i30> [#uses=1]


 <State 19>: 7.62ns
ST_19: x_V_115 [1/1] 1.37ns
entry_ifconv:342  %x_V_115 = select i1 %tmp_81_19, i28 %t_V_50, i28 %t_V_51 ; <i28> [#uses=3]

ST_19: y_V_117 [1/1] 1.37ns
entry_ifconv:343  %y_V_117 = select i1 %tmp_81_19, i30 %y_V_75, i30 %y_V_76 ; <i30> [#uses=3]

ST_19: tmp_51 [1/1] 0.00ns
entry_ifconv:344  %tmp_51 = call i3 @_ssdm_op_PartSelect.i3.i30.i32.i32(i30 %y_V_117, i32 27, i32 29) ; <i3> [#uses=1]

ST_19: r_V_15_cast [1/1] 0.00ns
entry_ifconv:345  %r_V_15_cast = sext i3 %tmp_51 to i28           ; <i28> [#uses=2]

ST_19: t_V_52 [1/1] 2.32ns
entry_ifconv:346  %t_V_52 = sub i28 %x_V_115, %r_V_15_cast        ; <i28> [#uses=1]

ST_19: tmp_52 [1/1] 0.00ns
entry_ifconv:347  %tmp_52 = call i1 @_ssdm_op_BitSelect.i1.i28.i32(i28 %x_V_115, i32 27) ; <i1> [#uses=1]

ST_19: r_V_102_cast_cast [1/1] 0.00ns
entry_ifconv:348  %r_V_102_cast_cast = sext i1 %tmp_52 to i30     ; <i30> [#uses=2]

ST_19: y_V_78 [1/1] 2.44ns
entry_ifconv:349  %y_V_78 = add i30 %y_V_117, %r_V_102_cast_cast  ; <i30> [#uses=1]

ST_19: t_V_53 [1/1] 2.32ns
entry_ifconv:350  %t_V_53 = add i28 %x_V_115, %r_V_15_cast        ; <i28> [#uses=1]

ST_19: y_V_79 [1/1] 2.44ns
entry_ifconv:351  %y_V_79 = sub i30 %y_V_117, %r_V_102_cast_cast  ; <i30> [#uses=1]

ST_19: x_V_116 [1/1] 1.37ns
entry_ifconv:352  %x_V_116 = select i1 %tmp_81_19, i28 %t_V_52, i28 %t_V_53 ; <i28> [#uses=3]

ST_19: y_V_118 [1/1] 1.37ns
entry_ifconv:353  %y_V_118 = select i1 %tmp_81_19, i30 %y_V_78, i30 %y_V_79 ; <i30> [#uses=3]

ST_19: tmp_53 [1/1] 0.00ns
entry_ifconv:354  %tmp_53 = call i2 @_ssdm_op_PartSelect.i2.i30.i32.i32(i30 %y_V_118, i32 28, i32 29) ; <i2> [#uses=1]

ST_19: r_V_16_cast [1/1] 0.00ns
entry_ifconv:355  %r_V_16_cast = sext i2 %tmp_53 to i28           ; <i28> [#uses=2]

ST_19: t_V_54 [1/1] 2.32ns
entry_ifconv:356  %t_V_54 = sub i28 %x_V_116, %r_V_16_cast        ; <i28> [#uses=1]

ST_19: tmp_54 [1/1] 0.00ns
entry_ifconv:357  %tmp_54 = call i1 @_ssdm_op_BitSelect.i1.i28.i32(i28 %x_V_116, i32 27) ; <i1> [#uses=1]

ST_19: r_V_106_cast_cast [1/1] 0.00ns
entry_ifconv:358  %r_V_106_cast_cast = sext i1 %tmp_54 to i30     ; <i30> [#uses=2]

ST_19: y_V_81 [1/1] 2.44ns
entry_ifconv:359  %y_V_81 = add i30 %y_V_118, %r_V_106_cast_cast  ; <i30> [#uses=1]

ST_19: t_V_55 [1/1] 2.32ns
entry_ifconv:360  %t_V_55 = add i28 %x_V_116, %r_V_16_cast        ; <i28> [#uses=1]

ST_19: y_V_82 [1/1] 2.44ns
entry_ifconv:361  %y_V_82 = sub i30 %y_V_118, %r_V_106_cast_cast  ; <i30> [#uses=1]


 <State 20>: 7.62ns
ST_20: x_V_117 [1/1] 1.37ns
entry_ifconv:362  %x_V_117 = select i1 %tmp_81_19, i28 %t_V_54, i28 %t_V_55 ; <i28> [#uses=3]

ST_20: y_V_119 [1/1] 1.37ns
entry_ifconv:363  %y_V_119 = select i1 %tmp_81_19, i30 %y_V_81, i30 %y_V_82 ; <i30> [#uses=3]

ST_20: tmp_55 [1/1] 0.00ns
entry_ifconv:364  %tmp_55 = call i1 @_ssdm_op_BitSelect.i1.i30.i32(i30 %y_V_119, i32 29) ; <i1> [#uses=1]

ST_20: r_V_17_cast3 [1/1] 0.00ns
entry_ifconv:365  %r_V_17_cast3 = sext i1 %tmp_55 to i28          ; <i28> [#uses=2]

ST_20: t_V_56 [1/1] 2.32ns
entry_ifconv:366  %t_V_56 = sub i28 %x_V_117, %r_V_17_cast3       ; <i28> [#uses=1]

ST_20: tmp_56 [1/1] 0.00ns
entry_ifconv:367  %tmp_56 = call i1 @_ssdm_op_BitSelect.i1.i28.i32(i28 %x_V_117, i32 27) ; <i1> [#uses=1]

ST_20: r_V_110_cast_cast [1/1] 0.00ns
entry_ifconv:368  %r_V_110_cast_cast = sext i1 %tmp_56 to i30     ; <i30> [#uses=2]

ST_20: y_V_84 [1/1] 2.44ns
entry_ifconv:369  %y_V_84 = add i30 %y_V_119, %r_V_110_cast_cast  ; <i30> [#uses=1]

ST_20: t_V_57 [1/1] 2.32ns
entry_ifconv:370  %t_V_57 = add i28 %x_V_117, %r_V_17_cast3       ; <i28> [#uses=1]

ST_20: y_V_85 [1/1] 2.44ns
entry_ifconv:371  %y_V_85 = sub i30 %y_V_119, %r_V_110_cast_cast  ; <i30> [#uses=1]

ST_20: x_V_118 [1/1] 1.37ns
entry_ifconv:372  %x_V_118 = select i1 %tmp_81_19, i28 %t_V_56, i28 %t_V_57 ; <i28> [#uses=3]

ST_20: y_V_120 [1/1] 1.37ns
entry_ifconv:373  %y_V_120 = select i1 %tmp_81_19, i30 %y_V_84, i30 %y_V_85 ; <i30> [#uses=3]

ST_20: tmp_57 [1/1] 0.00ns
entry_ifconv:374  %tmp_57 = call i1 @_ssdm_op_BitSelect.i1.i30.i32(i30 %y_V_120, i32 29) ; <i1> [#uses=1]

ST_20: r_V_18_cast2 [1/1] 0.00ns
entry_ifconv:375  %r_V_18_cast2 = sext i1 %tmp_57 to i28          ; <i28> [#uses=2]

ST_20: t_V_58 [1/1] 2.32ns
entry_ifconv:376  %t_V_58 = sub i28 %x_V_118, %r_V_18_cast2       ; <i28> [#uses=1]

ST_20: tmp_58 [1/1] 0.00ns
entry_ifconv:377  %tmp_58 = call i1 @_ssdm_op_BitSelect.i1.i28.i32(i28 %x_V_118, i32 27) ; <i1> [#uses=1]

ST_20: r_V_114_cast_cast [1/1] 0.00ns
entry_ifconv:378  %r_V_114_cast_cast = sext i1 %tmp_58 to i30     ; <i30> [#uses=2]

ST_20: y_V_87 [1/1] 2.44ns
entry_ifconv:379  %y_V_87 = add i30 %y_V_120, %r_V_114_cast_cast  ; <i30> [#uses=1]

ST_20: t_V_59 [1/1] 2.32ns
entry_ifconv:380  %t_V_59 = add i28 %x_V_118, %r_V_18_cast2       ; <i28> [#uses=1]

ST_20: y_V_88 [1/1] 2.44ns
entry_ifconv:381  %y_V_88 = sub i30 %y_V_120, %r_V_114_cast_cast  ; <i30> [#uses=1]


 <State 21>: 6.55ns
ST_21: x_V_119 [1/1] 1.37ns
entry_ifconv:382  %x_V_119 = select i1 %tmp_81_19, i28 %t_V_58, i28 %t_V_59 ; <i28> [#uses=3]

ST_21: y_V_121 [1/1] 1.37ns
entry_ifconv:383  %y_V_121 = select i1 %tmp_81_19, i30 %y_V_87, i30 %y_V_88 ; <i30> [#uses=3]

ST_21: tmp_59 [1/1] 0.00ns
entry_ifconv:384  %tmp_59 = call i1 @_ssdm_op_BitSelect.i1.i30.i32(i30 %y_V_121, i32 29) ; <i1> [#uses=1]

ST_21: r_V_19_cast [1/1] 0.00ns
entry_ifconv:385  %r_V_19_cast = sext i1 %tmp_59 to i28           ; <i28> [#uses=2]

ST_21: t_V_60 [1/1] 2.32ns
entry_ifconv:386  %t_V_60 = sub i28 %x_V_119, %r_V_19_cast        ; <i28> [#uses=1]

ST_21: tmp_60 [1/1] 0.00ns
entry_ifconv:387  %tmp_60 = call i1 @_ssdm_op_BitSelect.i1.i28.i32(i28 %x_V_119, i32 27) ; <i1> [#uses=1]

ST_21: r_V_118_cast_cast [1/1] 0.00ns
entry_ifconv:388  %r_V_118_cast_cast = sext i1 %tmp_60 to i30     ; <i30> [#uses=2]

ST_21: y_V_90 [1/1] 2.44ns
entry_ifconv:389  %y_V_90 = add i30 %y_V_121, %r_V_118_cast_cast  ; <i30> [#uses=1]

ST_21: t_V_61 [1/1] 2.32ns
entry_ifconv:390  %t_V_61 = add i28 %x_V_119, %r_V_19_cast        ; <i28> [#uses=1]

ST_21: y_V_91 [1/1] 2.44ns
entry_ifconv:391  %y_V_91 = sub i30 %y_V_121, %r_V_118_cast_cast  ; <i30> [#uses=1]

ST_21: sel_tmp [1/1] 1.37ns
entry_ifconv:392  %sel_tmp = select i1 %tmp, i30 0, i30 %y_V_91   ; <i30> [#uses=1]

ST_21: sel_tmp1 [1/1] 1.37ns
entry_ifconv:393  %sel_tmp1 = xor i1 %tmp, true                   ; <i1> [#uses=1]

ST_21: sel_tmp2 [1/1] 1.37ns
entry_ifconv:394  %sel_tmp2 = and i1 %tmp_81_19, %sel_tmp1        ; <i1> [#uses=2]

ST_21: UnifiedRetVal1 [1/1] 1.37ns
entry_ifconv:395  %UnifiedRetVal1 = select i1 %sel_tmp2, i30 %y_V_90, i30 %sel_tmp ; <i30> [#uses=1]

ST_21: UnifiedRetVal1_cast [1/1] 0.00ns
entry_ifconv:396  %UnifiedRetVal1_cast = sext i30 %UnifiedRetVal1 to i32 ; <i32> [#uses=1]

ST_21: sel_tmp4 [1/1] 1.37ns
entry_ifconv:397  %sel_tmp4 = select i1 %tmp, i28 1048576, i28 %t_V_61 ; <i28> [#uses=1]

ST_21: UnifiedRetVal_1 [1/1] 1.37ns
entry_ifconv:398  %UnifiedRetVal_1 = select i1 %sel_tmp2, i28 %t_V_60, i28 %sel_tmp4 ; <i28> [#uses=1]

ST_21: UnifiedRetVal_1_cast [1/1] 0.00ns
entry_ifconv:399  %UnifiedRetVal_1_cast = sext i28 %UnifiedRetVal_1 to i32 ; <i32> [#uses=1]

ST_21: mrv_s [1/1] 0.00ns
entry_ifconv:400  %mrv_s = insertvalue %cordic_ret undef, i32 %UnifiedRetVal1_cast, 0 ; <%cordic_ret> [#uses=1]

ST_21: UnifiedRetVal [1/1] 0.00ns
entry_ifconv:401  %UnifiedRetVal = insertvalue %cordic_ret %mrv_s, i32 %UnifiedRetVal_1_cast, 1 ; <%cordic_ret> [#uses=1]

ST_21: stg_424 [1/1] 0.00ns
entry_ifconv:402  ret %cordic_ret %UnifiedRetVal



============================================================
+ Verbose Summary: Binding
============================================================
N/A
* FSMD analyzer results:
  - Output states:
  - Chain level:
	State 1
	State 2
	State 3
	State 4
	State 5
	State 6
	State 7
	State 8
	State 9
	State 10
	State 11
	State 12
	State 13
	State 14
	State 15
	State 16
	State 17
	State 18
	State 19
	State 20
	State 21


============================================================
+ Verbose Summary: Datapath Resource usage 
============================================================
N/A
