

================================================================
== Vivado HLS Report for 'cordic_atan'
================================================================
* Date:           Tue Dec  2 14:36:12 2014

* Version:        2013.2 (build date: Thu Jun 13 16:07:59 PM 2013)
* Project:        hls.prj
* Solution:       solution2
* Product family: zynq zynq_fpv6 
* Target device:  xc7z020clg484-1


================================================================
== Performance Estimates
================================================================
+ Timing (ns): 
    * Summary: 
    +---------+-------+----------+------------+
    |  Clock  | Target| Estimated| Uncertainty|
    +---------+-------+----------+------------+
    |default  |  10.00|      8.73|        1.25|
    +---------+-------+----------+------------+

+ Latency (clock cycles): 
    * Summary: 
    +-----+-----+-----+-----+----------+
    |  Latency  |  Interval | Pipeline |
    | min | max | min | max |   Type   |
    +-----+-----+-----+-----+----------+
    |   11|   11|    1|    1| function |
    +-----+-----+-----+-----+----------+

    + Detail: 
        * Instance: 
        N/A

        * Loop: 
        N/A



================================================================
== Utilization Estimates
================================================================
* Summary: 
+-----------------+---------+-------+--------+-------+
|       Name      | BRAM_18K| DSP48E|   FF   |  LUT  |
+-----------------+---------+-------+--------+-------+
|Expression       |        -|      -|       0|   4190|
|FIFO             |        -|      -|       -|      -|
|Instance         |        -|      -|       -|      -|
|Memory           |        -|      -|       -|      -|
|Multiplexer      |        -|      -|       -|      -|
|Register         |        -|      -|    1060|      -|
|ShiftMemory      |        -|      -|       0|     16|
+-----------------+---------+-------+--------+-------+
|Total            |        0|      0|    1060|   4206|
+-----------------+---------+-------+--------+-------+
|Available        |      280|    220|  106400|  53200|
+-----------------+---------+-------+--------+-------+
|Utilization (%)  |        0|      0|   ~0   |      7|
+-----------------+---------+-------+--------+-------+

+ Detail: 
    * Instance: 
    N/A

    * Memory: 
    N/A

    * FIFO: 
    N/A

    * Shift register: 
    +------------------+---+----+-----+-----------+
    |       Name       | FF| LUT| Bits| Const Bits|
    +------------------+---+----+-----+-----------+
    |tmp_109_reg_1874  |  0|   1|    1|          0|
    |tmp_110_reg_1892  |  0|   1|    1|          0|
    |tmp_111_reg_1910  |  0|   1|    1|          0|
    |tmp_112_reg_1927  |  0|   1|    1|          0|
    |tmp_113_reg_1945  |  0|   1|    1|          0|
    |tmp_114_reg_1962  |  0|   1|    1|          0|
    |tmp_115_reg_1980  |  0|   1|    1|          0|
    |tmp_116_reg_1997  |  0|   1|    1|          0|
    |tmp_117_reg_2015  |  0|   1|    1|          0|
    |tmp_118_reg_2032  |  0|   1|    1|          0|
    |tmp_119_reg_2050  |  0|   1|    1|          0|
    |tmp_120_reg_2067  |  0|   1|    1|          0|
    |tmp_121_reg_2085  |  0|   1|    1|          0|
    |tmp_122_reg_2102  |  0|   1|    1|          0|
    |tmp_123_reg_2120  |  0|   1|    1|          0|
    |tmp_124_reg_2137  |  0|   1|    1|          0|
    +------------------+---+----+-----+-----------+
    |Total             |  0|  16|   16|          0|
    +------------------+---+----+-----+-----------+

    * Expression: 
    +-----------------------------------+----------+-------+---+----+------------+------------+
    |           Variable Name           | Operation| DSP48E| FF| LUT| Bitwidth P0| Bitwidth P1|
    +-----------------------------------+----------+-------+---+----+------------+------------+
    |ap_return                          |     +    |      0|  0|  22|          22|          22|
    |tmp10_fu_1809_p2                   |     +    |      0|  0|  12|          12|          12|
    |tmp11_fu_1783_p2                   |     +    |      0|  0|  12|          12|          12|
    |tmp12_fu_1799_p2                   |     +    |      0|  0|  10|          10|          10|
    |tmp13_fu_1789_p2                   |     +    |      0|  0|   9|           9|           9|
    |tmp14_fu_1841_p2                   |     +    |      0|  0|   7|           7|           7|
    |tmp15_fu_1815_p2                   |     +    |      0|  0|   7|           7|           7|
    |tmp16_fu_1831_p2                   |     +    |      0|  0|   5|           5|           5|
    |tmp17_fu_1821_p2                   |     +    |      0|  0|   4|           4|           4|
    |tmp1_fu_1860_p2                    |     +    |      0|  0|  22|          22|          22|
    |tmp2_fu_1745_p2                    |     +    |      0|  0|  22|          22|          22|
    |tmp3_fu_1729_p2                    |     +    |      0|  0|  22|          22|          22|
    |tmp4_fu_1735_p2                    |     +    |      0|  0|  19|          19|          19|
    |tmp5_fu_1777_p2                    |     +    |      0|  0|  17|          17|          17|
    |tmp6_fu_1751_p2                    |     +    |      0|  0|  17|          17|          17|
    |tmp7_fu_1767_p2                    |     +    |      0|  0|  15|          15|          15|
    |tmp8_fu_1757_p2                    |     +    |      0|  0|  14|          14|          14|
    |tmp9_fu_1851_p2                    |     +    |      0|  0|  12|          12|          12|
    |x_iteration_V_17_fu_300_p2         |     +    |      0|  0|  32|          32|          32|
    |x_iteration_V_20_fu_376_p2         |     +    |      0|  0|  32|          32|          32|
    |x_iteration_V_23_fu_451_p2         |     +    |      0|  0|  32|          32|          32|
    |x_iteration_V_26_fu_527_p2         |     +    |      0|  0|  32|          32|          32|
    |x_iteration_V_29_fu_602_p2         |     +    |      0|  0|  32|          32|          32|
    |x_iteration_V_32_fu_678_p2         |     +    |      0|  0|  32|          32|          32|
    |x_iteration_V_35_fu_753_p2         |     +    |      0|  0|  32|          32|          32|
    |x_iteration_V_38_fu_829_p2         |     +    |      0|  0|  32|          32|          32|
    |x_iteration_V_41_fu_904_p2         |     +    |      0|  0|  32|          32|          32|
    |x_iteration_V_44_fu_980_p2         |     +    |      0|  0|  32|          32|          32|
    |x_iteration_V_47_fu_1055_p2        |     +    |      0|  0|  32|          32|          32|
    |x_iteration_V_50_fu_1131_p2        |     +    |      0|  0|  32|          32|          32|
    |x_iteration_V_53_fu_1206_p2        |     +    |      0|  0|  32|          32|          32|
    |x_iteration_V_56_fu_1282_p2        |     +    |      0|  0|  32|          32|          32|
    |x_iteration_V_59_fu_1357_p2        |     +    |      0|  0|  32|          32|          32|
    |x_iteration_V_62_fu_1433_p2        |     +    |      0|  0|  32|          32|          32|
    |x_iteration_V_65_fu_1508_p2        |     +    |      0|  0|  32|          32|          32|
    |y_iteration_V_11_fu_443_p2         |     +    |      0|  0|  32|          32|          32|
    |y_iteration_V_14_fu_517_p2         |     +    |      0|  0|  32|          32|          32|
    |y_iteration_V_17_fu_594_p2         |     +    |      0|  0|  32|          32|          32|
    |y_iteration_V_20_fu_668_p2         |     +    |      0|  0|  32|          32|          32|
    |y_iteration_V_23_fu_745_p2         |     +    |      0|  0|  32|          32|          32|
    |y_iteration_V_26_fu_819_p2         |     +    |      0|  0|  32|          32|          32|
    |y_iteration_V_29_fu_896_p2         |     +    |      0|  0|  32|          32|          32|
    |y_iteration_V_32_fu_970_p2         |     +    |      0|  0|  32|          32|          32|
    |y_iteration_V_35_fu_1047_p2        |     +    |      0|  0|  32|          32|          32|
    |y_iteration_V_38_fu_1121_p2        |     +    |      0|  0|  32|          32|          32|
    |y_iteration_V_41_fu_1198_p2        |     +    |      0|  0|  32|          32|          32|
    |y_iteration_V_44_fu_1272_p2        |     +    |      0|  0|  32|          32|          32|
    |y_iteration_V_47_fu_1349_p2        |     +    |      0|  0|  32|          32|          32|
    |y_iteration_V_50_fu_1423_p2        |     +    |      0|  0|  32|          32|          32|
    |y_iteration_V_53_fu_1500_p2        |     +    |      0|  0|  32|          32|          32|
    |y_iteration_V_56_fu_1554_p2        |     +    |      0|  0|  32|          32|          32|
    |y_iteration_V_5_fu_292_p2          |     +    |      0|  0|  32|          32|          32|
    |y_iteration_V_60_fu_225_p2         |     +    |      0|  0|  32|          32|          32|
    |y_iteration_V_8_fu_366_p2          |     +    |      0|  0|  32|          32|          32|
    |x_iteration_V_13_fu_219_p2         |     -    |      0|  0|  32|          32|          32|
    |x_iteration_V_16_fu_284_p2         |     -    |      0|  0|  32|          32|          32|
    |x_iteration_V_19_fu_346_p2         |     -    |      0|  0|  32|          32|          32|
    |x_iteration_V_22_fu_435_p2         |     -    |      0|  0|  32|          32|          32|
    |x_iteration_V_25_fu_497_p2         |     -    |      0|  0|  32|          32|          32|
    |x_iteration_V_28_fu_586_p2         |     -    |      0|  0|  32|          32|          32|
    |x_iteration_V_31_fu_648_p2         |     -    |      0|  0|  32|          32|          32|
    |x_iteration_V_34_fu_737_p2         |     -    |      0|  0|  32|          32|          32|
    |x_iteration_V_37_fu_799_p2         |     -    |      0|  0|  32|          32|          32|
    |x_iteration_V_40_fu_888_p2         |     -    |      0|  0|  32|          32|          32|
    |x_iteration_V_43_fu_950_p2         |     -    |      0|  0|  32|          32|          32|
    |x_iteration_V_46_fu_1039_p2        |     -    |      0|  0|  32|          32|          32|
    |x_iteration_V_49_fu_1101_p2        |     -    |      0|  0|  32|          32|          32|
    |x_iteration_V_52_fu_1190_p2        |     -    |      0|  0|  32|          32|          32|
    |x_iteration_V_55_fu_1252_p2        |     -    |      0|  0|  32|          32|          32|
    |x_iteration_V_58_fu_1341_p2        |     -    |      0|  0|  32|          32|          32|
    |x_iteration_V_61_fu_1403_p2        |     -    |      0|  0|  32|          32|          32|
    |x_iteration_V_64_fu_1492_p2        |     -    |      0|  0|  32|          32|          32|
    |x_iteration_V_fu_183_p2            |     -    |      0|  0|  32|           1|          32|
    |y_iteration_V_12_fu_456_p2         |     -    |      0|  0|  32|          32|          32|
    |y_iteration_V_15_fu_533_p2         |     -    |      0|  0|  32|          32|          32|
    |y_iteration_V_18_fu_607_p2         |     -    |      0|  0|  32|          32|          32|
    |y_iteration_V_21_fu_684_p2         |     -    |      0|  0|  32|          32|          32|
    |y_iteration_V_24_fu_758_p2         |     -    |      0|  0|  32|          32|          32|
    |y_iteration_V_27_fu_835_p2         |     -    |      0|  0|  32|          32|          32|
    |y_iteration_V_30_fu_909_p2         |     -    |      0|  0|  32|          32|          32|
    |y_iteration_V_33_fu_986_p2         |     -    |      0|  0|  32|          32|          32|
    |y_iteration_V_36_fu_1060_p2        |     -    |      0|  0|  32|          32|          32|
    |y_iteration_V_39_fu_1137_p2        |     -    |      0|  0|  32|          32|          32|
    |y_iteration_V_3_fu_231_p2          |     -    |      0|  0|  32|          32|          32|
    |y_iteration_V_42_fu_1211_p2        |     -    |      0|  0|  32|          32|          32|
    |y_iteration_V_45_fu_1288_p2        |     -    |      0|  0|  32|          32|          32|
    |y_iteration_V_48_fu_1362_p2        |     -    |      0|  0|  32|          32|          32|
    |y_iteration_V_51_fu_1439_p2        |     -    |      0|  0|  32|          32|          32|
    |y_iteration_V_54_fu_1513_p2        |     -    |      0|  0|  32|          32|          32|
    |y_iteration_V_57_fu_1560_p2        |     -    |      0|  0|  32|          32|          32|
    |y_iteration_V_6_fu_305_p2          |     -    |      0|  0|  32|          32|          32|
    |y_iteration_V_9_fu_382_p2          |     -    |      0|  0|  32|          32|          32|
    |y_iteration_V_fu_189_p2            |     -    |      0|  0|  32|           1|          32|
    |p_Val2_295_fu_1596_p3              |  Select  |      0|  0|  22|           1|          22|
    |p_Val2_447_v_cast_cast_fu_1603_p3  |  Select  |      0|  0|  19|           1|          19|
    |p_Val2_454_v_cast_cast_fu_1610_p3  |  Select  |      0|  0|  18|           1|          18|
    |p_Val2_461_v_cast_cast_fu_1617_p3  |  Select  |      0|  0|  17|           1|          17|
    |p_Val2_468_v_cast_cast_fu_1624_p3  |  Select  |      0|  0|  16|           1|          16|
    |p_Val2_475_v_cast_cast_fu_1631_p3  |  Select  |      0|  0|  15|           1|          15|
    |p_Val2_482_v_cast_cast_fu_1638_p3  |  Select  |      0|  0|  14|           1|          14|
    |p_Val2_489_v_cast_cast_fu_1645_p3  |  Select  |      0|  0|  13|           1|          13|
    |p_Val2_496_v_cast_cast_fu_1652_p3  |  Select  |      0|  0|  12|           1|          12|
    |p_Val2_503_v_cast_cast_fu_1659_p3  |  Select  |      0|  0|  11|           1|          11|
    |p_Val2_510_v_cast_cast_fu_1666_p3  |  Select  |      0|  0|  10|           1|          10|
    |p_Val2_517_v_cast_cast_fu_1673_p3  |  Select  |      0|  0|   9|           1|           9|
    |p_Val2_524_v_cast_cast_fu_1680_p3  |  Select  |      0|  0|   8|           1|           8|
    |p_Val2_531_v_cast_cast_fu_1687_p3  |  Select  |      0|  0|   7|           1|           7|
    |p_Val2_538_v_cast_cast_fu_1694_p3  |  Select  |      0|  0|   6|           1|           6|
    |p_Val2_545_v_cast_cast_fu_1701_p3  |  Select  |      0|  0|   5|           1|           5|
    |p_Val2_552_v_cast_cast_fu_1708_p3  |  Select  |      0|  0|   4|           1|           4|
    |p_Val2_559_v_cast_cast_fu_1715_p3  |  Select  |      0|  0|   3|           1|           3|
    |p_Val2_562_v_cast_cast_fu_1722_p3  |  Select  |      0|  0|   2|           1|           2|
    |r_V_162_1_fu_1582_p3               |  Select  |      0|  0|  22|           1|          22|
    |r_V_167_1_fu_1589_p3               |  Select  |      0|  0|  21|           1|          20|
    |x_iteration_V_67_fu_203_p3         |  Select  |      0|  0|  32|           1|          32|
    |x_iteration_V_68_fu_245_p3         |  Select  |      0|  0|  32|           1|          32|
    |x_iteration_V_69_fu_317_p3         |  Select  |      0|  0|  32|           1|          32|
    |x_iteration_V_70_fu_396_p3         |  Select  |      0|  0|  32|           1|          32|
    |x_iteration_V_71_fu_468_p3         |  Select  |      0|  0|  32|           1|          32|
    |x_iteration_V_72_fu_547_p3         |  Select  |      0|  0|  32|           1|          32|
    |x_iteration_V_73_fu_619_p3         |  Select  |      0|  0|  32|           1|          32|
    |x_iteration_V_74_fu_698_p3         |  Select  |      0|  0|  32|           1|          32|
    |x_iteration_V_75_fu_770_p3         |  Select  |      0|  0|  32|           1|          32|
    |x_iteration_V_76_fu_849_p3         |  Select  |      0|  0|  32|           1|          32|
    |x_iteration_V_77_fu_921_p3         |  Select  |      0|  0|  32|           1|          32|
    |x_iteration_V_78_fu_1000_p3        |  Select  |      0|  0|  32|           1|          32|
    |x_iteration_V_79_fu_1072_p3        |  Select  |      0|  0|  32|           1|          32|
    |x_iteration_V_80_fu_1151_p3        |  Select  |      0|  0|  32|           1|          32|
    |x_iteration_V_81_fu_1223_p3        |  Select  |      0|  0|  32|           1|          32|
    |x_iteration_V_82_fu_1302_p3        |  Select  |      0|  0|  32|           1|          32|
    |x_iteration_V_83_fu_1374_p3        |  Select  |      0|  0|  32|           1|          32|
    |x_iteration_V_84_fu_1453_p3        |  Select  |      0|  0|  32|           1|          32|
    |x_iteration_V_85_fu_1525_p3        |  Select  |      0|  0|  32|           1|          32|
    |y_iteration_V_59_fu_195_p3         |  Select  |      0|  0|  32|           1|          32|
    |y_iteration_V_61_fu_237_p3         |  Select  |      0|  0|  32|           1|          32|
    |y_iteration_V_62_fu_310_p3         |  Select  |      0|  0|  32|           1|          32|
    |y_iteration_V_63_fu_388_p3         |  Select  |      0|  0|  32|           1|          32|
    |y_iteration_V_64_fu_461_p3         |  Select  |      0|  0|  32|           1|          32|
    |y_iteration_V_65_fu_539_p3         |  Select  |      0|  0|  32|           1|          32|
    |y_iteration_V_66_fu_612_p3         |  Select  |      0|  0|  32|           1|          32|
    |y_iteration_V_67_fu_690_p3         |  Select  |      0|  0|  32|           1|          32|
    |y_iteration_V_68_fu_763_p3         |  Select  |      0|  0|  32|           1|          32|
    |y_iteration_V_69_fu_841_p3         |  Select  |      0|  0|  32|           1|          32|
    |y_iteration_V_70_fu_914_p3         |  Select  |      0|  0|  32|           1|          32|
    |y_iteration_V_71_fu_992_p3         |  Select  |      0|  0|  32|           1|          32|
    |y_iteration_V_72_fu_1065_p3        |  Select  |      0|  0|  32|           1|          32|
    |y_iteration_V_73_fu_1143_p3        |  Select  |      0|  0|  32|           1|          32|
    |y_iteration_V_74_fu_1216_p3        |  Select  |      0|  0|  32|           1|          32|
    |y_iteration_V_75_fu_1294_p3        |  Select  |      0|  0|  32|           1|          32|
    |y_iteration_V_76_fu_1367_p3        |  Select  |      0|  0|  32|           1|          32|
    |y_iteration_V_77_fu_1445_p3        |  Select  |      0|  0|  32|           1|          32|
    |y_iteration_V_78_fu_1518_p3        |  Select  |      0|  0|  32|           1|          32|
    |y_iteration_V_79_fu_1566_p3        |  Select  |      0|  0|  32|           1|          32|
    |tmp_fu_177_p2                      |   icmp   |      0|  0|  40|          32|           1|
    +-----------------------------------+----------+-------+---+----+------------+------------+
    |Total                              |          |      0|  0|4190|        2678|        4150|
    +-----------------------------------+----------+-------+---+----+------------+------------+

    * Multiplexer: 
    N/A

    * Register: 
    +---------------------------------------+----+-----+-----------+
    |                  Name                 | FF | Bits| Const Bits|
    +---------------------------------------+----+-----+-----------+
    |ap_reg_ppstg_tmp_125_reg_2155_pp0_it9  |   1|    1|          0|
    |ap_reg_ppstg_tmp_126_reg_2172_pp0_it9  |   1|    1|          0|
    |tmp2_reg_2200                          |  21|   22|          1|
    |tmp5_reg_2205                          |  16|   17|          1|
    |tmp9_reg_2210                          |  11|   12|          1|
    |tmp_109_reg_1874                       |   1|    1|          0|
    |tmp_110_reg_1892                       |   1|    1|          0|
    |tmp_111_reg_1910                       |   1|    1|          0|
    |tmp_112_reg_1927                       |   1|    1|          0|
    |tmp_113_reg_1945                       |   1|    1|          0|
    |tmp_114_reg_1962                       |   1|    1|          0|
    |tmp_115_reg_1980                       |   1|    1|          0|
    |tmp_116_reg_1997                       |   1|    1|          0|
    |tmp_117_reg_2015                       |   1|    1|          0|
    |tmp_118_reg_2032                       |   1|    1|          0|
    |tmp_119_reg_2050                       |   1|    1|          0|
    |tmp_120_reg_2067                       |   1|    1|          0|
    |tmp_121_reg_2085                       |   1|    1|          0|
    |tmp_122_reg_2102                       |   1|    1|          0|
    |tmp_123_reg_2120                       |   1|    1|          0|
    |tmp_124_reg_2137                       |   1|    1|          0|
    |tmp_125_reg_2155                       |   1|    1|          0|
    |tmp_126_reg_2172                       |   1|    1|          0|
    |tmp_127_reg_2190                       |   1|    1|          0|
    |tmp_128_reg_2195                       |   1|    1|          0|
    |tmp_52_reg_1905                        |  31|   31|          0|
    |tmp_55_reg_1934                        |  29|   29|          0|
    |tmp_56_reg_1940                        |  29|   29|          0|
    |tmp_59_reg_1969                        |  27|   27|          0|
    |tmp_60_reg_1975                        |  27|   27|          0|
    |tmp_63_reg_2004                        |  25|   25|          0|
    |tmp_64_reg_2010                        |  25|   25|          0|
    |tmp_67_reg_2039                        |  23|   23|          0|
    |tmp_68_reg_2045                        |  23|   23|          0|
    |tmp_71_reg_2074                        |  21|   21|          0|
    |tmp_72_reg_2080                        |  21|   21|          0|
    |tmp_75_reg_2109                        |  19|   19|          0|
    |tmp_76_reg_2115                        |  19|   19|          0|
    |tmp_79_reg_2144                        |  17|   17|          0|
    |tmp_80_reg_2150                        |  17|   17|          0|
    |tmp_83_reg_2179                        |  15|   15|          0|
    |tmp_84_reg_2185                        |  15|   15|          0|
    |tmp_s_reg_1899                         |  31|   31|          0|
    |x_iteration_V_68_reg_1886              |  32|   32|          0|
    |x_iteration_V_70_reg_1921              |  32|   32|          0|
    |x_iteration_V_72_reg_1956              |  32|   32|          0|
    |x_iteration_V_74_reg_1991              |  32|   32|          0|
    |x_iteration_V_76_reg_2026              |  32|   32|          0|
    |x_iteration_V_78_reg_2061              |  32|   32|          0|
    |x_iteration_V_80_reg_2096              |  32|   32|          0|
    |x_iteration_V_82_reg_2131              |  32|   32|          0|
    |x_iteration_V_84_reg_2166              |  32|   32|          0|
    |y_iteration_V_61_reg_1880              |  32|   32|          0|
    |y_iteration_V_63_reg_1915              |  32|   32|          0|
    |y_iteration_V_65_reg_1950              |  32|   32|          0|
    |y_iteration_V_67_reg_1985              |  32|   32|          0|
    |y_iteration_V_69_reg_2020              |  32|   32|          0|
    |y_iteration_V_71_reg_2055              |  32|   32|          0|
    |y_iteration_V_73_reg_2090              |  32|   32|          0|
    |y_iteration_V_75_reg_2125              |  32|   32|          0|
    |y_iteration_V_77_reg_2160              |  32|   32|          0|
    +---------------------------------------+----+-----+-----------+
    |Total                                  |1060| 1063|          3|
    +---------------------------------------+----+-----+-----------+



================================================================
== Interface
================================================================
* Summary: 
+-----------+-----+-----+---------+--------------+--------------+
| RTL Ports | Dir | Bits| Protocol| Source Object|    C Type    |
+-----------+-----+-----+---------+--------------+--------------+
|ap_clk     |  in |    1|        -|  cordic_atan | return value |
|ap_rst     |  in |    1|        -|  cordic_atan | return value |
|ap_return  | out |   22|        -|  cordic_atan | return value |
|ap_ce      |  in |    1|        -|  cordic_atan | return value |
|x_V        |  in |   32| ap_none |      x_V     |    scalar    |
|y_V        |  in |   32| ap_none |      y_V     |    scalar    |
+-----------+-----+-----+---------+--------------+--------------+

