

================================================================
== Vivado HLS Report for 'IFFT'
================================================================
* Date:           Tue Dec  2 14:36:15 2014

* Version:        2013.2 (build date: Thu Jun 13 16:07:59 PM 2013)
* Project:        hls.prj
* Solution:       solution2
* Product family: zynq zynq_fpv6 
* Target device:  xc7z020clg484-1


================================================================
== Performance Estimates
================================================================
+ Timing (ns): 
    * Summary: 
    +---------+-------+----------+------------+
    |  Clock  | Target| Estimated| Uncertainty|
    +---------+-------+----------+------------+
    |default  |  10.00|      8.75|        1.25|
    +---------+-------+----------+------------+

+ Latency (clock cycles): 
    * Summary: 
    +-----+-----+-----+-----+---------+
    |  Latency  |  Interval | Pipeline|
    | min | max | min | max |   Type  |
    +-----+-----+-----+-----+---------+
    |    ?|    ?|    ?|    ?|   none  |
    +-----+-----+-----+-----+---------+

    + Detail: 
        * Instance: 
        +------------------+-------+-------+-------+-------+-------+---------+
        |                  |       |    Latency    |    Interval   | Pipeline|
        |     Instance     | Module|  min  |  max  |  min  |  max  |   Type  |
        +------------------+-------+-------+-------+-------+-------+---------+
        |grp_bitrp_fu_275  |bitrp  |  12289|  14337|  12289|  14337|   none  |
        +------------------+-------+-------+-------+-------+-------+---------+

        * Loop: 
        +-----------------+------+-------------+-----------------+-----------+-----------+----------------+----------+
        |                 |       Latency      |    Iteration    |  Initiation Interval  |      Trip      |          |
        |    Loop Name    |  min |     max     |     Latency     |  achieved |   target  |      Count     | Pipelined|
        +-----------------+------+-------------+-----------------+-----------+-----------+----------------+----------+
        |- Loop 1         |  2555|         2555|                5|          -|          -|             511|    no    |
        |- Loop 2         |     ?|            ?|                ?|          -|          -|              10|    no    |
        | + Loop 2.1      |     ?|            ?| 8 ~ 46170898397 |          -|          -|               ?|    no    |
        |  ++ Loop 2.1.1  |     0|  46170898389|               43|          -|          -| 0 ~ 1073741823 |    no    |
        |- Loop 3         |  2048|         2048|                2|          -|          -|            1024|    no    |
        +-----------------+------+-------------+-----------------+-----------+-----------+----------------+----------+



================================================================
== Utilization Estimates
================================================================
* Summary: 
+-----------------+---------+-------+--------+-------+
|       Name      | BRAM_18K| DSP48E|   FF   |  LUT  |
+-----------------+---------+-------+--------+-------+
|Expression       |        -|      -|       0|    681|
|FIFO             |        -|      -|       -|      -|
|Instance         |        -|     28|    2145|   2077|
|Memory           |        2|      -|       0|      0|
|Multiplexer      |        -|      -|       -|    283|
|Register         |        -|      -|     862|      -|
|ShiftMemory      |        -|      -|       -|      -|
+-----------------+---------+-------+--------+-------+
|Total            |        2|     28|    3007|   3041|
+-----------------+---------+-------+--------+-------+
|Available        |      280|    220|  106400|  53200|
+-----------------+---------+-------+--------+-------+
|Utilization (%)  |    ~0   |     12|       2|      5|
+-----------------+---------+-------+--------+-------+

+ Detail: 
    * Instance: 
    +---------------------------------+-----------------------------+---------+-------+------+------+
    |             Instance            |            Module           | BRAM_18K| DSP48E|  FF  |  LUT |
    +---------------------------------+-----------------------------+---------+-------+------+------+
    |grp_bitrp_fu_275                 |bitrp                        |        0|      0|   208|   236|
    |combine_mul_32s_13ns_45_3_U26    |combine_mul_32s_13ns_45_3    |        0|      2|     0|     0|
    |combine_mul_32s_13ns_45_3_U29    |combine_mul_32s_13ns_45_3    |        0|      2|     0|     0|
    |combine_mul_32s_20ns_52_3_U27    |combine_mul_32s_20ns_52_3    |        0|      2|     0|     0|
    |combine_mul_32s_20ns_52_3_U28    |combine_mul_32s_20ns_52_3    |        0|      2|     0|     0|
    |combine_mul_32s_32s_32_6_U30     |combine_mul_32s_32s_32_6     |        0|      4|    45|    21|
    |combine_mul_32s_32s_52_6_U32     |combine_mul_32s_32s_52_6     |        0|      4|    45|    21|
    |combine_mul_32s_32s_52_6_U33     |combine_mul_32s_32s_52_6     |        0|      4|    45|    21|
    |combine_mul_32s_32s_52_6_U34     |combine_mul_32s_32s_52_6     |        0|      4|    45|    21|
    |combine_mul_32s_32s_52_6_U35     |combine_mul_32s_32s_52_6     |        0|      4|    45|    21|
    |combine_sdiv_32ns_32s_32_35_U31  |combine_sdiv_32ns_32s_32_35  |        0|      0|  1712|  1736|
    +---------------------------------+-----------------------------+---------+-------+------+------+
    |Total                            |                             |        0|     28|  2145|  2077|
    +---------------------------------+-----------------------------+---------+-------+------+------+

    * Memory: 
    +-----------+-------------+---------+------+-----+------+-------------+
    |   Memory  |    Module   | BRAM_18K| Words| Bits| Banks| W*Bits*Banks|
    +-----------+-------------+---------+------+-----+------+-------------+
    |wreal_V_U  |FFT_wreal_V  |        1|   512|   32|     1|        16384|
    |wimag_V_U  |FFT_wreal_V  |        1|   512|   32|     1|        16384|
    +-----------+-------------+---------+------+-----+------+-------------+
    |Total      |             |        2|  1024|   64|     2|        32768|
    +-----------+-------------+---------+------+-----+------+-------------+

    * FIFO: 
    N/A

    * Shift register: 
    N/A

    * Expression: 
    +------------------------+----------+-------+---+----+------------+------------+
    |      Variable Name     | Operation| DSP48E| FF| LUT| Bitwidth P0| Bitwidth P1|
    +------------------------+----------+-------+---+----+------------+------------+
    |index1_fu_481_p2        |     +    |      0|  0|  32|          32|          32|
    |index2_fu_476_p2        |     +    |      0|  0|  32|          32|          32|
    |indvar_next1_fu_390_p2  |     +    |      0|  0|   4|           4|           1|
    |indvar_next_fu_440_p2   |     +    |      0|  0|  32|          32|           1|
    |j_3_fu_633_p2           |     +    |      0|  0|  11|          11|           1|
    |j_4_fu_491_p2           |     +    |      0|  0|  30|          30|           1|
    |j_fu_283_p2             |     +    |      0|  0|   9|           9|           1|
    |r_V_11_fu_608_p2        |     +    |      0|  0|  32|          32|          32|
    |r_V_135_fu_368_p2       |     +    |      0|  0|  52|          52|          52|
    |r_V_137_fu_587_p2       |     +    |      0|  0|  52|          52|          52|
    |r_V_s_fu_601_p2         |     +    |      0|  0|  32|          32|          32|
    |tmp11_fu_468_p2         |     +    |      0|  0|  32|          32|          32|
    |r_V_12_fu_615_p2        |     -    |      0|  0|  32|          32|          32|
    |r_V_132_fu_344_p2       |     -    |      0|  0|  52|          52|          52|
    |r_V_136_fu_573_p2       |     -    |      0|  0|  52|          52|          52|
    |r_V_13_fu_621_p2        |     -    |      0|  0|  32|          32|          32|
    |smax7_fu_426_p3         |  Select  |      0|  0|  30|           1|          30|
    |exitcond6_fu_486_p2     |   icmp   |      0|  0|  38|          30|          30|
    |exitcond7_fu_384_p2     |   icmp   |      0|  0|   4|           4|           4|
    |exitcond8_fu_289_p2     |   icmp   |      0|  0|  10|           9|           2|
    |exitcond_fu_627_p2      |   icmp   |      0|  0|  14|          11|          12|
    |icmp_fu_456_p2          |   icmp   |      0|  0|  28|          22|           1|
    |tmp6_fu_420_p2          |   icmp   |      0|  0|  39|          31|           1|
    +------------------------+----------+-------+---+----+------------+------------+
    |Total                   |          |      0|  0| 681|         626|         517|
    +------------------------+----------+-------+---+----+------------+------------+

    * Multiplexer: 
    +------------------+----+-----------+-----+-----------+
    |       Name       | LUT| Input Size| Bits| Total Bits|
    +------------------+----+-----------+-----+-----------+
    |indvar1_reg_206   |   9|          2|    9|         18|
    |indvar2_reg_217   |   4|          2|    4|          8|
    |indvar_reg_240    |  32|          2|   32|         64|
    |j_1_reg_252       |  30|          2|   30|         60|
    |j_2_reg_263       |  11|          2|   11|         22|
    |m_reg_228         |  31|          2|   31|         62|
    |wimag_V_address0  |   9|          4|    9|         36|
    |wimag_V_d0        |  32|          2|   32|         64|
    |wreal_V_address0  |   9|          4|    9|         36|
    |wreal_V_d0        |  32|          2|   32|         64|
    |ximag_V_address0  |  10|          5|   10|         50|
    |ximag_V_d0        |  32|          4|   32|        128|
    |xreal_V_address0  |  10|          5|   10|         50|
    |xreal_V_d0        |  32|          4|   32|        128|
    +------------------+----+-----------+-----+-----------+
    |Total             | 283|         42|  283|        790|
    +------------------+----+-----------+-----+-----------+

    * Register: 
    +----------------------------------------+----+-----+-----------+
    |                  Name                  | FF | Bits| Const Bits|
    +----------------------------------------+----+-----+-----------+
    |ap_CS_fsm                               |   6|    6|          0|
    |grp_bitrp_fu_275_ap_start_ap_start_reg  |   1|    1|          0|
    |indvar1_reg_206                         |   9|    9|          0|
    |indvar2_reg_217                         |   4|    4|          0|
    |indvar_next1_reg_737                    |   4|    4|          0|
    |indvar_next_reg_752                     |  32|   32|          0|
    |indvar_reg_240                          |  32|   32|          0|
    |j_1_reg_252                             |  30|   30|          0|
    |j_2_reg_263                             |  11|   11|          0|
    |j_3_reg_876                             |  11|   11|          0|
    |j_4_reg_779                             |  30|   30|          0|
    |j_reg_675                               |   9|    9|          0|
    |k_reg_757                               |  32|   32|          0|
    |lhs_V_1_cast_reg_843                    |  52|   52|          0|
    |lhs_V_2_cast_reg_853                    |  52|   52|          0|
    |m_reg_228                               |  31|   32|          1|
    |r_V_12_reg_863                          |  32|   32|          0|
    |r_V_131_reg_719                         |  52|   52|          0|
    |r_V_133_reg_724                         |  52|   52|          0|
    |r_V_134_reg_729                         |  45|   45|          0|
    |r_V_13_reg_868                          |  32|   32|          0|
    |r_V_reg_714                             |  45|   45|          0|
    |rhs_V_2_cast_reg_848                    |  52|   52|          0|
    |rhs_V_3_cast_reg_858                    |  52|   52|          0|
    |smax7_reg_747                           |  30|   30|          0|
    |tmp11_reg_771                           |  32|   32|          0|
    |tmp_21_reg_742                          |  32|   32|          0|
    |ximag_V_addr_1_reg_789                  |  10|   10|          0|
    |ximag_V_addr_2_reg_804                  |  10|   10|          0|
    |ximag_V_addr_reg_886                    |  10|   10|          0|
    |xreal_V_addr_1_reg_794                  |  10|   10|          0|
    |xreal_V_addr_2_reg_799                  |  10|   10|          0|
    |xreal_V_addr_reg_881                    |  10|   10|          0|
    +----------------------------------------+----+-----+-----------+
    |Total                                   | 862|  863|          1|
    +----------------------------------------+----+-----+-----------+



================================================================
== Interface
================================================================
* Summary: 
+------------------+-----+-----+-----------+--------------+--------------+
|     RTL Ports    | Dir | Bits|  Protocol | Source Object|    C Type    |
+------------------+-----+-----+-----------+--------------+--------------+
|ap_clk            |  in |    1|          -|     IFFT     | return value |
|ap_rst            |  in |    1|          -|     IFFT     | return value |
|ap_start          |  in |    1|          -|     IFFT     | return value |
|ap_done           | out |    1|          -|     IFFT     | return value |
|ap_idle           | out |    1|          -|     IFFT     | return value |
|ap_ready          | out |    1|          -|     IFFT     | return value |
|xreal_V_address0  | out |   10| ap_memory |    xreal_V   |     array    |
|xreal_V_ce0       | out |    1| ap_memory |    xreal_V   |     array    |
|xreal_V_we0       | out |    1| ap_memory |    xreal_V   |     array    |
|xreal_V_d0        | out |   32| ap_memory |    xreal_V   |     array    |
|xreal_V_q0        |  in |   32| ap_memory |    xreal_V   |     array    |
|xreal_V_address1  | out |   10| ap_memory |    xreal_V   |     array    |
|xreal_V_ce1       | out |    1| ap_memory |    xreal_V   |     array    |
|xreal_V_q1        |  in |   32| ap_memory |    xreal_V   |     array    |
|ximag_V_address0  | out |   10| ap_memory |    ximag_V   |     array    |
|ximag_V_ce0       | out |    1| ap_memory |    ximag_V   |     array    |
|ximag_V_we0       | out |    1| ap_memory |    ximag_V   |     array    |
|ximag_V_d0        | out |   32| ap_memory |    ximag_V   |     array    |
|ximag_V_q0        |  in |   32| ap_memory |    ximag_V   |     array    |
|ximag_V_address1  | out |   10| ap_memory |    ximag_V   |     array    |
|ximag_V_ce1       | out |    1| ap_memory |    ximag_V   |     array    |
|ximag_V_q1        |  in |   32| ap_memory |    ximag_V   |     array    |
+------------------+-----+-----+-----------+--------------+--------------+

